2022-09-07 19:13:42.289 MSK [5396] СООБЩЕНИЕ:  запускается PostgreSQL 14.5, compiled by Visual C++ build 1914, 64-bit
2022-09-07 19:13:42.289 MSK [5396] СООБЩЕНИЕ:  для приёма подключений по адресу IPv6 "::" открыт порт 5432
2022-09-07 19:13:42.289 MSK [5396] СООБЩЕНИЕ:  для приёма подключений по адресу IPv4 "0.0.0.0" открыт порт 5432
2022-09-07 19:13:42.325 MSK [4244] СООБЩЕНИЕ:  система БД была выключена: 2022-09-06 19:43:54 MSK
2022-09-07 19:13:42.359 MSK [5396] СООБЩЕНИЕ:  система БД готова принимать подключения
2022-09-07 19:22:20.899 MSK [1532] РћРЁРР‘РљРђ:  РѕС€РёР±РєР° СЃРёРЅС‚Р°РєСЃРёСЃР° (РїСЂРёРјРµСЂРЅРѕРµ РїРѕР»РѕР¶РµРЅРёРµ: ")") (СЃРёРјРІРѕР» 164)
2022-09-07 19:22:20.899 MSK [1532] РћРџР•Р РђРўРћР :  CREATE TABLE person (
	    id BIGINT NOT NULL PRIMARY KEY,
	    username VARCHAR(255) NOT NULL,
	    year_of_birth INT,
	    password VARCHAR(255),
		role VARCHAR(64),
	);
	
	CREATE SEQUENCE table_id_seq;
	
	ALTER TABLE person 
	    ALTER COLUMN id 
	        SET DEFAULT NEXTVAL('table_id_seq');
2022-09-07 19:22:26.485 MSK [1532] РћРЁРР‘РљРђ:  РѕС‚РЅРѕС€РµРЅРёРµ "table_id_seq" СѓР¶Рµ СЃСѓС‰РµСЃС‚РІСѓРµС‚
2022-09-07 19:22:26.485 MSK [1532] РћРџР•Р РђРўРћР :  CREATE TABLE person (
	    id BIGINT NOT NULL PRIMARY KEY,
	    username VARCHAR(255) NOT NULL,
	    year_of_birth INT,
	    password VARCHAR(255),
		role VARCHAR(64)
	);
	
	CREATE SEQUENCE table_id_seq;
	
	ALTER TABLE person 
	    ALTER COLUMN id 
	        SET DEFAULT NEXTVAL('table_id_seq');
2022-09-07 19:22:46.968 MSK [1532] РћРЁРР‘РљРђ:  РѕС‚РЅРѕС€РµРЅРёРµ "person" СѓР¶Рµ СЃСѓС‰РµСЃС‚РІСѓРµС‚
2022-09-07 19:22:46.968 MSK [1532] РћРџР•Р РђРўРћР :  CREATE TABLE person (
	    id BIGINT NOT NULL PRIMARY KEY,
	    username VARCHAR(255) NOT NULL,
	    year_of_birth INT,
	    password VARCHAR(255),
		role VARCHAR(64)
	);
	
	
	ALTER TABLE person 
	    ALTER COLUMN id 
	        SET DEFAULT NEXTVAL('table_id_seq');
2022-09-07 19:54:58.476 MSK [1532] РћРЁРР‘РљРђ:  СЃС‚РѕР»Р±РµС† "Alex" РЅРµ СЃСѓС‰РµСЃС‚РІСѓРµС‚ (СЃРёРјРІРѕР» 70)
2022-09-07 19:54:58.476 MSK [1532] РћРџР•Р РђРўРћР :  insert into person (username, year_of_birth, password, role) VALUES ("Alex", 1983, alex, "ROLE_ADMIN")
2022-09-07 19:55:57.489 MSK [1532] РћРЁРР‘РљРђ:  СЃС‚РѕР»Р±РµС† "alex" РЅРµ СЃСѓС‰РµСЃС‚РІСѓРµС‚ (СЃРёРјРІРѕР» 84)
2022-09-07 19:55:57.489 MSK [1532] РћРџР•Р РђРўРћР :  insert into person (username, year_of_birth, password, role) VALUES ('Alex', 1983, alex, 'ROLE_ADMIN')
2022-09-07 20:05:44.901 MSK [3464] РЎРћРћР‘Р©Р•РќРР•:  РЅРµ СѓРґР°Р»РѕСЃСЊ РїРѕР»СѓС‡РёС‚СЊ РґР°РЅРЅС‹Рµ РѕС‚ РєР»РёРµРЅС‚Р°: An existing connection was forcibly closed by the remote host.
	
2022-09-07 20:05:44.901 MSK [2284] РЎРћРћР‘Р©Р•РќРР•:  РЅРµ СѓРґР°Р»РѕСЃСЊ РїРѕР»СѓС‡РёС‚СЊ РґР°РЅРЅС‹Рµ РѕС‚ РєР»РёРµРЅС‚Р°: An existing connection was forcibly closed by the remote host.
	
2022-09-07 20:05:44.902 MSK [6552] РЎРћРћР‘Р©Р•РќРР•:  РЅРµ СѓРґР°Р»РѕСЃСЊ РїРѕР»СѓС‡РёС‚СЊ РґР°РЅРЅС‹Рµ РѕС‚ РєР»РёРµРЅС‚Р°: An existing connection was forcibly closed by the remote host.
	
2022-09-07 20:05:44.902 MSK [1788] РЎРћРћР‘Р©Р•РќРР•:  РЅРµ СѓРґР°Р»РѕСЃСЊ РїРѕР»СѓС‡РёС‚СЊ РґР°РЅРЅС‹Рµ РѕС‚ РєР»РёРµРЅС‚Р°: An existing connection was forcibly closed by the remote host.
	
2022-09-07 20:05:44.903 MSK [1532] РЎРћРћР‘Р©Р•РќРР•:  РЅРµ СѓРґР°Р»РѕСЃСЊ РїРѕР»СѓС‡РёС‚СЊ РґР°РЅРЅС‹Рµ РѕС‚ РєР»РёРµРЅС‚Р°: An existing connection was forcibly closed by the remote host.
	
2022-09-07 20:08:29.170 MSK [5396] СООБЩЕНИЕ:  получен запрос на быстрое выключение
2022-09-07 20:08:29.171 MSK [5396] СООБЩЕНИЕ:  прерывание всех активных транзакций
2022-09-07 20:08:29.173 MSK [3180] ОШИБКА:  выполнение оператора отменено по запросу пользователя
2022-09-07 20:08:29.203 MSK [5396] СООБЩЕНИЕ:  фоновый процесс "logical replication launcher" (PID 3180) завершился с кодом выхода 1
2022-09-07 20:08:29.204 MSK [5216] СООБЩЕНИЕ:  выключение
2022-09-07 20:08:29.260 MSK [5396] СООБЩЕНИЕ:  система БД выключена
