2022-10-23 11:02:33.891 MSK [5700] СООБЩЕНИЕ:  запускается PostgreSQL 14.5, compiled by Visual C++ build 1914, 64-bit
2022-10-23 11:02:33.892 MSK [5700] СООБЩЕНИЕ:  для приёма подключений по адресу IPv6 "::" открыт порт 5432
2022-10-23 11:02:33.892 MSK [5700] СООБЩЕНИЕ:  для приёма подключений по адресу IPv4 "0.0.0.0" открыт порт 5432
2022-10-23 11:02:33.924 MSK [4800] СООБЩЕНИЕ:  система БД была выключена: 2022-09-21 21:18:01 MSK
2022-10-23 11:02:33.937 MSK [5700] СООБЩЕНИЕ:  система БД готова принимать подключения
2022-10-23 13:02:46.769 MSK [9180] РћРЁРР‘РљРђ:  Р±Р°Р·Р° РґР°РЅРЅС‹С… "shopdb" Р·Р°РЅСЏС‚Р° РґСЂСѓРіРёРјРё РїРѕР»СЊР·РѕРІР°С‚РµР»СЏРјРё
2022-10-23 13:02:46.769 MSK [9180] РџРћР”Р РћР‘РќРћРЎРўР:  Р­С‚Р° Р±Р°Р·Р° РґР°РЅРЅС‹С… РёСЃРїРѕР»СЊР·СѓРµС‚СЃСЏ РµС‰С‘ РІ 1 СЃРµР°РЅСЃРµ.
2022-10-23 13:02:46.769 MSK [9180] РћРџР•Р РђРўРћР :  DROP DATABASE IF EXISTS shopdb;
	
2022-10-23 13:02:52.264 MSK [9180] РћРЁРР‘РљРђ:  Р±Р°Р·Р° РґР°РЅРЅС‹С… "shopdb" Р·Р°РЅСЏС‚Р° РґСЂСѓРіРёРјРё РїРѕР»СЊР·РѕРІР°С‚РµР»СЏРјРё
2022-10-23 13:02:52.264 MSK [9180] РџРћР”Р РћР‘РќРћРЎРўР:  Р­С‚Р° Р±Р°Р·Р° РґР°РЅРЅС‹С… РёСЃРїРѕР»СЊР·СѓРµС‚СЃСЏ РµС‰С‘ РІ 1 СЃРµР°РЅСЃРµ.
2022-10-23 13:02:52.264 MSK [9180] РћРџР•Р РђРўРћР :  DROP DATABASE IF EXISTS shopdb;
	
2022-10-23 13:04:02.066 MSK [8500] РћРЁРР‘РљРђ:  РѕС€РёР±РєР° СЃРёРЅС‚Р°РєСЃРёСЃР° (РїСЂРёРјРµСЂРЅРѕРµ РїРѕР»РѕР¶РµРЅРёРµ: "AUTO_INCREMENT") (СЃРёРјРІРѕР» 45)
2022-10-23 13:04:02.066 MSK [8500] РћРџР•Р РђРўРћР :  CREATE TABLE categories (
	  id int NOT NULL AUTO_INCREMENT,
	  title varchar(32)
	);
	
	CREATE TABLE products (
	  id int NOT NULL AUTO_INCREMENT,
	  name varchar(64),
	  image_url varchar(256),
	  price numeric(10,2), 
	  quantity numeric(10,2),
	  category int,  
	  PRIMARY KEY (id), 
	  FOREIGN KEY (category) REFERENCES categories(id));
2022-10-23 13:05:56.174 MSK [8500] РћРЁРР‘РљРђ:  РѕС€РёР±РєР° СЃРёРЅС‚Р°РєСЃРёСЃР° (РїСЂРёРјРµСЂРЅРѕРµ РїРѕР»РѕР¶РµРЅРёРµ: "SERIAL") (СЃРёРјРІРѕР» 45)
2022-10-23 13:05:56.174 MSK [8500] РћРџР•Р РђРўРћР :  CREATE TABLE categories (
	  id int NOT NULL SERIAL,
	  title varchar(32)
	);
	
	CREATE TABLE products (
	  id int NOT NULL SERIAL,
	  name varchar(64),
	  image_url varchar(256),
	  price numeric(10,2), 
	  quantity numeric(10,2),
	  category int,  
	  PRIMARY KEY (id), 
	  FOREIGN KEY (category) REFERENCES categories(id));
2022-10-23 13:08:27.054 MSK [8500] РћРЁРР‘РљРђ:  РѕС€РёР±РєР° СЃРёРЅС‚Р°РєСЃРёСЃР° (РїСЂРёРјРµСЂРЅРѕРµ РїРѕР»РѕР¶РµРЅРёРµ: "nextval") (СЃРёРјРІРѕР» 81)
2022-10-23 13:08:27.054 MSK [8500] РћРџР•Р РђРўРћР :  CREATE SEQUENCE categories_id_seq;
	
	CREATE TABLE categories (
	  id int NOT NULL nextval('categories_id_seq'),
	  title varchar(32)
	);
2022-10-23 13:20:51.692 MSK [8500] РћРЁРР‘РљРђ:  РѕС‚РЅРѕС€РµРЅРёРµ "categories_id_seqq" РЅРµ СЃСѓС‰РµСЃС‚РІСѓРµС‚
2022-10-23 13:20:51.692 MSK [8500] РћРџР•Р РђРўРћР :  CREATE TABLE categories (
	  id int NOT NULL DEFAULT nextval('categories_id_seq'),
	  title varchar(32)
	);
	
	ALTER SEQUENCE categories_id_seqq OWNED BY categories.id;
2022-10-23 13:21:08.255 MSK [8500] РћРЁРР‘РљРђ:  РѕС‚РЅРѕС€РµРЅРёРµ "categories_id_seq" СѓР¶Рµ СЃСѓС‰РµСЃС‚РІСѓРµС‚
2022-10-23 13:21:08.255 MSK [8500] РћРџР•Р РђРўРћР :  CREATE SEQUENCE categories_id_seq;
	
	CREATE TABLE categories (
	  id int NOT NULL DEFAULT nextval('categories_id_seq'),
	  title varchar(32)
	);
	
	ALTER SEQUENCE categories_id_seqq OWNED BY categories.id;
2022-10-23 13:21:18.787 MSK [8500] РћРЁРР‘РљРђ:  РѕС‚РЅРѕС€РµРЅРёРµ "categories_id_seqq" РЅРµ СЃСѓС‰РµСЃС‚РІСѓРµС‚
2022-10-23 13:21:18.787 MSK [8500] РћРџР•Р РђРўРћР :  CREATE TABLE categories (
	  id int NOT NULL DEFAULT nextval('categories_id_seq'),
	  title varchar(32)
	);
	
	ALTER SEQUENCE categories_id_seqq OWNED BY categories.id;
2022-10-23 13:22:13.235 MSK [8500] РћРЁРР‘РљРђ:  РІ С†РµР»РµРІРѕР№ РІРЅРµС€РЅРµР№ С‚Р°Р±Р»РёС†Рµ "categories" РЅРµС‚ РѕРіСЂР°РЅРёС‡РµРЅРёСЏ СѓРЅРёРєР°Р»СЊРЅРѕСЃС‚Рё, СЃРѕРѕС‚РІРµС‚СЃС‚РІСѓСЋС‰РµРіРѕ РґР°РЅРЅС‹Рј РєР»СЋС‡Р°Рј
2022-10-23 13:22:13.235 MSK [8500] РћРџР•Р РђРўРћР :  CREATE SEQUENCE products_id_seq;
	
	CREATE TABLE products (
	  id int NOT NULL DEFAULT nextval('products_id_seq'),
	  name varchar(64),
	  image_url varchar(256),
	  price numeric(10,2), 
	  quantity numeric(10,2),
	  category int,  
	  PRIMARY KEY (id), 
	  FOREIGN KEY (category) REFERENCES categories(id));
	
	ALTER SEQUENCE products_id_seq OWNED BY products.id;
2022-10-23 13:23:06.478 MSK [8500] РћРЁРР‘РљРђ:  РѕС€РёР±РєР° СЃРёРЅС‚Р°РєСЃРёСЃР° (РїСЂРёРјРµСЂРЅРѕРµ РїРѕР»РѕР¶РµРЅРёРµ: "nextval") (СЃРёРјРІРѕР» 45)
2022-10-23 13:23:06.478 MSK [8500] РћРџР•Р РђРўРћР :  CREATE TABLE categories (
	  id int NOT NULL nextval('categories_id_seq'),
	  title varchar(32)
	);
	
	ALTER SEQUENCE categories_id_seq OWNED BY categories.id;
2022-10-23 13:23:25.098 MSK [8500] РћРЁРР‘РљРђ:  РѕС€РёР±РєР° СЃРёРЅС‚Р°РєСЃРёСЃР° (РїСЂРёРјРµСЂРЅРѕРµ РїРѕР»РѕР¶РµРЅРёРµ: "nextval") (СЃРёРјРІРѕР» 52)
2022-10-23 13:23:25.098 MSK [8500] РћРџР•Р РђРўРћР :  CREATE TABLE categories (
	  id int NOT NULL UNIQUE nextval('categories_id_seq'),
	  title varchar(32)
	);
	
	ALTER SEQUENCE categories_id_seq OWNED BY categories.id;
2022-10-23 13:24:59.575 MSK [8500] РћРЁРР‘РљРђ:  С‚Р°Р±Р»РёС†Р° "categories" РЅРµ СЃСѓС‰РµСЃС‚РІСѓРµС‚
2022-10-23 13:24:59.575 MSK [8500] РћРџР•Р РђРўРћР :  drop table categories;
2022-10-23 13:28:01.826 MSK [8500] РћРЁРР‘РљРђ:  РѕС€РёР±РєР° СЃРёРЅС‚Р°РєСЃРёСЃР° (РїСЂРёРјРµСЂРЅРѕРµ РїРѕР»РѕР¶РµРЅРёРµ: "..") (СЃРёРјРІРѕР» 1606)
2022-10-23 13:28:01.826 MSK [8500] РћРџР•Р РђРўРћР :  INSERT INTO products (name, image_url, price, quantity, category)
	VALUES
		('Blueberry', '../../assets/img/berries/blueberries.jpg', 8, 10, 1),
		('Strawberry', '../../assets/img/berries/strawberries.jpg', 5, 10, 1),
		('Raspberry', '../../assets/img/berries/raspberries.jpg', 7, 10, 1),
		('Blackberry', '../../assets/img/berries/blackberries.jpg', 6, 10, 1),
		('Red Currants', '../../assets/img/berries/redcurrants.jpg', 8, 10, 1),
		('White Currants', '../../assets/img/berries/whitecurrants.jpg', 9, 10, 1),
		('Blackcurrants', '../../assets/img/berries/blackcurrants.jpg', 8, 10, 1),
		('Gooseberry', '../../assets/img/berries/gooseberry.jpg', 10, 10, 1),
		('Brussels Sprouts', '../../assets/img/vegetables/brusselssprouts.jpg', 10, 10, 2),
		('Cucumber', '../../assets/img/vegetables/cucumber.jpg', 3, 10, 2),
		('Zucchini', '../../assets/img/vegetables/zucchini.jpg', 6.5, 10, 2),
		('Potato', '../../assets/img/vegetables/potatoes.jpg', 2, 10, 2),
		('Celery', '../../assets/img/vegetables/celery.jpg', 10, 10, 2),
		('Onion', '../../assets/img/vegetables/onions.jpg', 3, 10, 2),
		('Garlic', '../../assets/img/vegetables/garlic.jpg', 10, 10, 2),
		('Tomato', '../../assets/img/vegetables/tomatoes.jpg', 4.5, 10, 2),
		('Orange', '../../assets/img/fruits/oranges.jpg', 7, 10, 3),
		('Grapefruit', '../../assets/img/fruits/grapefruits.jpg', 7, 10, 3),
		('Nectarine', '../../assets/img/fruits/nectarines.jpg', 11, 10, 3),
		('Mango', '../../assets/img/fruits/mangoes.jpg', 15, 10, 3),
		('Plum', '../../assets/img/fruits/plums.jpg', 4, 10, 3),
		('Rice', '../../assets/img/cereals/rice.jpg', 3.75, 10, 4),
		('Corn', ''../../assets/img/cereals/corn.jpg', 8, 10, 4),
		('Oats', '../../assets/img/cereals/oats.jpg', 5, 10, 4),
		('Sorghum', '../../assets/img/cereals/sorghum.jpg', 12, 10, 4),
		('Quinoa', '../../assets/img/cereals/quinoa.jpg', 12, 10, 4),
		('Millet', '../../assets/img/cereals/millet.jpg', 9, 10, 4),
		('Buckwheat', '../../assets/img/cereals/buckwheat.jpg', 6, 10, 4),
		('Cardamom', '../../assets/img/spices/cardamom.jpg', 15, 10, 5),
		('Cinnamon', '../../assets/img/spices/cinnamon.jpg', 20, 10, 5),
		('Cloves', '../../assets/img/spices/cloves.jpg', 25, 10, 5),
		('Turmeric', '../../assets/img/spices/turmeric.jpg', 25, 10, 5),
		('Saffron', '../../assets/img/spices/saffron.jpg', 20, 10, 5),
		('Cumin', '../../assets/img/spices/cumin.jpg', 25, 10, 5);
2022-10-23 13:32:30.920 MSK [8500] РћРЁРР‘РљРђ:  РѕС€РёР±РєР° СЃРёРЅС‚Р°РєСЃРёСЃР° (РїСЂРёРјРµСЂРЅРѕРµ РїРѕР»РѕР¶РµРЅРёРµ: "IF") (СЃРёРјРІРѕР» 21)
2022-10-23 13:32:30.920 MSK [8500] РћРџР•Р РђРўРћР :  DROP TABLE products IF EXISTS;
	
	CREATE TABLE products (
	  id SERIAL NOT NULL,
	  name varchar(64),
	  image_url varchar(256),
	  price numeric(10,2), 
	  quantity numeric(10,2),
	  category int,  
	  PRIMARY KEY (id), 
	  FOREIGN KEY (category) REFERENCES categories(id));
2022-10-23 13:46:02.836 MSK [7792] РЎРћРћР‘Р©Р•РќРР•:  РЅРµ СѓРґР°Р»РѕСЃСЊ РїРѕР»СѓС‡РёС‚СЊ РґР°РЅРЅС‹Рµ РѕС‚ РєР»РёРµРЅС‚Р°: An existing connection was forcibly closed by the remote host.
	
2022-10-23 13:46:02.836 MSK [8500] РЎРћРћР‘Р©Р•РќРР•:  РЅРµ СѓРґР°Р»РѕСЃСЊ РїРѕР»СѓС‡РёС‚СЊ РґР°РЅРЅС‹Рµ РѕС‚ РєР»РёРµРЅС‚Р°: An existing connection was forcibly closed by the remote host.
	
2022-10-23 13:46:02.837 MSK [8632] РЎРћРћР‘Р©Р•РќРР•:  РЅРµ СѓРґР°Р»РѕСЃСЊ РїРѕР»СѓС‡РёС‚СЊ РґР°РЅРЅС‹Рµ РѕС‚ РєР»РёРµРЅС‚Р°: An existing connection was forcibly closed by the remote host.
	
2022-10-23 13:46:02.837 MSK [8552] РЎРћРћР‘Р©Р•РќРР•:  РЅРµ СѓРґР°Р»РѕСЃСЊ РїРѕР»СѓС‡РёС‚СЊ РґР°РЅРЅС‹Рµ РѕС‚ РєР»РёРµРЅС‚Р°: An existing connection was forcibly closed by the remote host.
	
2022-10-23 13:46:02.837 MSK [9180] РЎРћРћР‘Р©Р•РќРР•:  РЅРµ СѓРґР°Р»РѕСЃСЊ РїРѕР»СѓС‡РёС‚СЊ РґР°РЅРЅС‹Рµ РѕС‚ РєР»РёРµРЅС‚Р°: An existing connection was forcibly closed by the remote host.
	
2022-10-23 14:24:35.224 MSK [5700] СООБЩЕНИЕ:  получен запрос на быстрое выключение
2022-10-23 14:24:35.225 MSK [5700] СООБЩЕНИЕ:  прерывание всех активных транзакций
2022-10-23 14:24:35.228 MSK [6184] ОШИБКА:  выполнение оператора отменено по запросу пользователя
2022-10-23 14:24:35.230 MSK [5700] СООБЩЕНИЕ:  фоновый процесс "logical replication launcher" (PID 6184) завершился с кодом выхода 1
2022-10-23 14:24:35.231 MSK [5924] СООБЩЕНИЕ:  выключение
2022-10-23 14:24:35.244 MSK [5700] СООБЩЕНИЕ:  система БД выключена
