2022-11-26 09:56:48.008 MSK [5584] СООБЩЕНИЕ:  запускается PostgreSQL 14.5, compiled by Visual C++ build 1914, 64-bit
2022-11-26 09:56:48.009 MSK [5584] СООБЩЕНИЕ:  для приёма подключений по адресу IPv6 "::" открыт порт 5432
2022-11-26 09:56:48.009 MSK [5584] СООБЩЕНИЕ:  для приёма подключений по адресу IPv4 "0.0.0.0" открыт порт 5432
2022-11-26 09:56:48.153 MSK [1644] СООБЩЕНИЕ:  система БД была выключена: 2022-11-18 12:27:24 MSK
2022-11-26 09:56:48.167 MSK [5584] СООБЩЕНИЕ:  система БД готова принимать подключения
2022-11-26 15:11:41.675 MSK [8780] РћРЁРР‘РљРђ:  СЃС‚РѕР»Р±РµС† "image_data" РёРјРµРµС‚ С‚РёРї bytea, Р° РІС‹СЂР°Р¶РµРЅРёРµ - bigint (СЃРёРјРІРѕР» 83)
2022-11-26 15:11:41.675 MSK [8780] РџРћР”РЎРљРђР—РљРђ:  РџРµСЂРµРїРёС€РёС‚Рµ РІС‹СЂР°Р¶РµРЅРёРµ РёР»Рё РїСЂРµРѕР±СЂР°Р·СѓР№С‚Рµ РµРіРѕ С‚РёРї.
2022-11-26 15:11:41.675 MSK [8780] РћРџР•Р РђРўРћР :  insert into products (category_id, image_data, name, price, quantity) values ($1, $2, $3, $4, $5)
	RETURNING *
2022-11-26 15:11:41.683 MSK [8780] РћРЁРР‘РљРђ:  С‚РµРєСѓС‰Р°СЏ С‚СЂР°РЅР·Р°РєС†РёСЏ РїСЂРµСЂРІР°РЅР°, РєРѕРјР°РЅРґС‹ РґРѕ РєРѕРЅС†Р° Р±Р»РѕРєР° С‚СЂР°РЅР·Р°РєС†РёРё РёРіРЅРѕСЂРёСЂСѓСЋС‚СЃСЏ
2022-11-26 15:11:41.683 MSK [8780] РћРџР•Р РђРўРћР :  
2022-11-26 15:12:44.305 MSK [8780] РћРЁРР‘РљРђ:  СЃС‚РѕР»Р±РµС† "image_data" РёРјРµРµС‚ С‚РёРї bytea, Р° РІС‹СЂР°Р¶РµРЅРёРµ - bigint (СЃРёРјРІРѕР» 83)
2022-11-26 15:12:44.305 MSK [8780] РџРћР”РЎРљРђР—РљРђ:  РџРµСЂРµРїРёС€РёС‚Рµ РІС‹СЂР°Р¶РµРЅРёРµ РёР»Рё РїСЂРµРѕР±СЂР°Р·СѓР№С‚Рµ РµРіРѕ С‚РёРї.
2022-11-26 15:12:44.305 MSK [8780] РћРџР•Р РђРўРћР :  insert into products (category_id, image_data, name, price, quantity) values ($1, $2, $3, $4, $5)
	RETURNING *
2022-11-26 15:12:44.305 MSK [8780] РћРЁРР‘РљРђ:  С‚РµРєСѓС‰Р°СЏ С‚СЂР°РЅР·Р°РєС†РёСЏ РїСЂРµСЂРІР°РЅР°, РєРѕРјР°РЅРґС‹ РґРѕ РєРѕРЅС†Р° Р±Р»РѕРєР° С‚СЂР°РЅР·Р°РєС†РёРё РёРіРЅРѕСЂРёСЂСѓСЋС‚СЃСЏ
2022-11-26 15:12:44.305 MSK [8780] РћРџР•Р РђРўРћР :  
2022-11-26 15:15:52.120 MSK [9248] РћРЁРР‘РљРђ:  СЃС‚РѕР»Р±РµС† "image_data" РёРјРµРµС‚ С‚РёРї bytea, Р° РІС‹СЂР°Р¶РµРЅРёРµ - bigint (СЃРёРјРІРѕР» 83)
2022-11-26 15:15:52.120 MSK [9248] РџРћР”РЎРљРђР—РљРђ:  РџРµСЂРµРїРёС€РёС‚Рµ РІС‹СЂР°Р¶РµРЅРёРµ РёР»Рё РїСЂРµРѕР±СЂР°Р·СѓР№С‚Рµ РµРіРѕ С‚РёРї.
2022-11-26 15:15:52.120 MSK [9248] РћРџР•Р РђРўРћР :  insert into products (category_id, image_data, name, price, quantity) values ($1, $2, $3, $4, $5)
	RETURNING *
2022-11-26 15:15:52.137 MSK [9248] РћРЁРР‘РљРђ:  С‚РµРєСѓС‰Р°СЏ С‚СЂР°РЅР·Р°РєС†РёСЏ РїСЂРµСЂРІР°РЅР°, РєРѕРјР°РЅРґС‹ РґРѕ РєРѕРЅС†Р° Р±Р»РѕРєР° С‚СЂР°РЅР·Р°РєС†РёРё РёРіРЅРѕСЂРёСЂСѓСЋС‚СЃСЏ
2022-11-26 15:15:52.137 MSK [9248] РћРџР•Р РђРўРћР :  
2022-11-26 15:16:40.446 MSK [8824] РћРЁРР‘РљРђ:  СЃС‚РѕР»Р±РµС† "image_data" РёРјРµРµС‚ С‚РёРї bytea, Р° РІС‹СЂР°Р¶РµРЅРёРµ - bigint (СЃРёРјРІРѕР» 83)
2022-11-26 15:16:40.446 MSK [8824] РџРћР”РЎРљРђР—РљРђ:  РџРµСЂРµРїРёС€РёС‚Рµ РІС‹СЂР°Р¶РµРЅРёРµ РёР»Рё РїСЂРµРѕР±СЂР°Р·СѓР№С‚Рµ РµРіРѕ С‚РёРї.
2022-11-26 15:16:40.446 MSK [8824] РћРџР•Р РђРўРћР :  insert into products (category_id, image_data, name, price, quantity) values ($1, $2, $3, $4, $5)
	RETURNING *
2022-11-26 15:16:40.452 MSK [8824] РћРЁРР‘РљРђ:  С‚РµРєСѓС‰Р°СЏ С‚СЂР°РЅР·Р°РєС†РёСЏ РїСЂРµСЂРІР°РЅР°, РєРѕРјР°РЅРґС‹ РґРѕ РєРѕРЅС†Р° Р±Р»РѕРєР° С‚СЂР°РЅР·Р°РєС†РёРё РёРіРЅРѕСЂРёСЂСѓСЋС‚СЃСЏ
2022-11-26 15:16:40.452 MSK [8824] РћРџР•Р РђРўРћР :  
2022-11-26 15:24:54.667 MSK [11096] РЎРћРћР‘Р©Р•РќРР•:  РЅРµ СѓРґР°Р»РѕСЃСЊ РїРѕР»СѓС‡РёС‚СЊ РґР°РЅРЅС‹Рµ РѕС‚ РєР»РёРµРЅС‚Р°: An existing connection was forcibly closed by the remote host.
	
2022-11-26 15:24:54.667 MSK [11216] РЎРћРћР‘Р©Р•РќРР•:  РЅРµ СѓРґР°Р»РѕСЃСЊ РїРѕР»СѓС‡РёС‚СЊ РґР°РЅРЅС‹Рµ РѕС‚ РєР»РёРµРЅС‚Р°: An existing connection was forcibly closed by the remote host.
	
2022-11-26 15:24:54.667 MSK [9616] РЎРћРћР‘Р©Р•РќРР•:  РЅРµ СѓРґР°Р»РѕСЃСЊ РїРѕР»СѓС‡РёС‚СЊ РґР°РЅРЅС‹Рµ РѕС‚ РєР»РёРµРЅС‚Р°: An existing connection was forcibly closed by the remote host.
	
2022-11-26 15:24:54.668 MSK [2932] РЎРћРћР‘Р©Р•РќРР•:  РЅРµ СѓРґР°Р»РѕСЃСЊ РїРѕР»СѓС‡РёС‚СЊ РґР°РЅРЅС‹Рµ РѕС‚ РєР»РёРµРЅС‚Р°: An existing connection was forcibly closed by the remote host.
	
2022-11-26 15:24:54.669 MSK [8680] РЎРћРћР‘Р©Р•РќРР•:  РЅРµ СѓРґР°Р»РѕСЃСЊ РїРѕР»СѓС‡РёС‚СЊ РґР°РЅРЅС‹Рµ РѕС‚ РєР»РёРµРЅС‚Р°: An existing connection was forcibly closed by the remote host.
	
2022-11-26 15:24:54.670 MSK [1016] РЎРћРћР‘Р©Р•РќРР•:  РЅРµ СѓРґР°Р»РѕСЃСЊ РїРѕР»СѓС‡РёС‚СЊ РґР°РЅРЅС‹Рµ РѕС‚ РєР»РёРµРЅС‚Р°: An existing connection was forcibly closed by the remote host.
	
2022-11-26 15:24:54.670 MSK [10564] РЎРћРћР‘Р©Р•РќРР•:  РЅРµ СѓРґР°Р»РѕСЃСЊ РїРѕР»СѓС‡РёС‚СЊ РґР°РЅРЅС‹Рµ РѕС‚ РєР»РёРµРЅС‚Р°: An existing connection was forcibly closed by the remote host.
	
2022-11-26 15:24:54.671 MSK [4960] РЎРћРћР‘Р©Р•РќРР•:  РЅРµ СѓРґР°Р»РѕСЃСЊ РїРѕР»СѓС‡РёС‚СЊ РґР°РЅРЅС‹Рµ РѕС‚ РєР»РёРµРЅС‚Р°: An existing connection was forcibly closed by the remote host.
	
2022-11-26 15:24:54.673 MSK [9596] РЎРћРћР‘Р©Р•РќРР•:  РЅРµ СѓРґР°Р»РѕСЃСЊ РїРѕР»СѓС‡РёС‚СЊ РґР°РЅРЅС‹Рµ РѕС‚ РєР»РёРµРЅС‚Р°: An existing connection was forcibly closed by the remote host.
	
2022-11-26 15:24:54.680 MSK [7620] СООБЩЕНИЕ:  не удалось получить данные от клиента: An existing connection was forcibly closed by the remote host.
	
2022-11-26 15:25:41.687 MSK [5584] СООБЩЕНИЕ:  получен запрос на быстрое выключение
2022-11-26 15:25:41.690 MSK [5584] СООБЩЕНИЕ:  прерывание всех активных транзакций
2022-11-26 15:25:41.692 MSK [5556] ОШИБКА:  выполнение оператора отменено по запросу пользователя
2022-11-26 15:25:41.697 MSK [5584] СООБЩЕНИЕ:  фоновый процесс "logical replication launcher" (PID 5556) завершился с кодом выхода 1
2022-11-26 15:25:41.699 MSK [1544] СООБЩЕНИЕ:  выключение
2022-11-26 15:25:41.714 MSK [5584] СООБЩЕНИЕ:  система БД выключена
