2022-11-27 09:57:24.843 MSK [1876] СООБЩЕНИЕ:  запускается PostgreSQL 14.5, compiled by Visual C++ build 1914, 64-bit
2022-11-27 09:57:24.843 MSK [1876] СООБЩЕНИЕ:  для приёма подключений по адресу IPv6 "::" открыт порт 5432
2022-11-27 09:57:24.844 MSK [1876] СООБЩЕНИЕ:  для приёма подключений по адресу IPv4 "0.0.0.0" открыт порт 5432
2022-11-27 09:57:24.994 MSK [4672] СООБЩЕНИЕ:  система БД была выключена: 2022-11-26 15:25:41 MSK
2022-11-27 09:57:25.008 MSK [1876] СООБЩЕНИЕ:  система БД готова принимать подключения
2022-11-27 11:02:10.495 MSK [10144] РћРЁРР‘РљРђ:  СЃС‚РѕР»Р±РµС† "image_data" РёРјРµРµС‚ С‚РёРї bytea, Р° РІС‹СЂР°Р¶РµРЅРёРµ - bigint (СЃРёРјРІРѕР» 83)
2022-11-27 11:02:10.495 MSK [10144] РџРћР”РЎРљРђР—РљРђ:  РџРµСЂРµРїРёС€РёС‚Рµ РІС‹СЂР°Р¶РµРЅРёРµ РёР»Рё РїСЂРµРѕР±СЂР°Р·СѓР№С‚Рµ РµРіРѕ С‚РёРї.
2022-11-27 11:02:10.495 MSK [10144] РћРџР•Р РђРўРћР :  insert into products (category_id, image_data, name, price, quantity) values ($1, $2, $3, $4, $5)
	RETURNING *
2022-11-27 11:02:10.506 MSK [10144] РћРЁРР‘РљРђ:  С‚РµРєСѓС‰Р°СЏ С‚СЂР°РЅР·Р°РєС†РёСЏ РїСЂРµСЂРІР°РЅР°, РєРѕРјР°РЅРґС‹ РґРѕ РєРѕРЅС†Р° Р±Р»РѕРєР° С‚СЂР°РЅР·Р°РєС†РёРё РёРіРЅРѕСЂРёСЂСѓСЋС‚СЃСЏ
2022-11-27 11:02:10.506 MSK [10144] РћРџР•Р РђРўРћР :  
2022-11-27 11:02:59.767 MSK [10144] РћРЁРР‘РљРђ:  СЃС‚РѕР»Р±РµС† "image_data" РёРјРµРµС‚ С‚РёРї bytea, Р° РІС‹СЂР°Р¶РµРЅРёРµ - bigint (СЃРёРјРІРѕР» 83)
2022-11-27 11:02:59.767 MSK [10144] РџРћР”РЎРљРђР—РљРђ:  РџРµСЂРµРїРёС€РёС‚Рµ РІС‹СЂР°Р¶РµРЅРёРµ РёР»Рё РїСЂРµРѕР±СЂР°Р·СѓР№С‚Рµ РµРіРѕ С‚РёРї.
2022-11-27 11:02:59.767 MSK [10144] РћРџР•Р РђРўРћР :  insert into products (category_id, image_data, name, price, quantity) values ($1, $2, $3, $4, $5)
	RETURNING *
2022-11-27 11:02:59.768 MSK [10144] РћРЁРР‘РљРђ:  С‚РµРєСѓС‰Р°СЏ С‚СЂР°РЅР·Р°РєС†РёСЏ РїСЂРµСЂРІР°РЅР°, РєРѕРјР°РЅРґС‹ РґРѕ РєРѕРЅС†Р° Р±Р»РѕРєР° С‚СЂР°РЅР·Р°РєС†РёРё РёРіРЅРѕСЂРёСЂСѓСЋС‚СЃСЏ
2022-11-27 11:02:59.768 MSK [10144] РћРџР•Р РђРўРћР :  
2022-11-27 11:08:05.611 MSK [3164] РћРЁРР‘РљРђ:  СЃС‚РѕР»Р±РµС† "image_data" РёРјРµРµС‚ С‚РёРї bytea, Р° РІС‹СЂР°Р¶РµРЅРёРµ - bigint (СЃРёРјРІРѕР» 83)
2022-11-27 11:08:05.611 MSK [3164] РџРћР”РЎРљРђР—РљРђ:  РџРµСЂРµРїРёС€РёС‚Рµ РІС‹СЂР°Р¶РµРЅРёРµ РёР»Рё РїСЂРµРѕР±СЂР°Р·СѓР№С‚Рµ РµРіРѕ С‚РёРї.
2022-11-27 11:08:05.611 MSK [3164] РћРџР•Р РђРўРћР :  insert into products (category_id, image_data, name, price, quantity) values ($1, $2, $3, $4, $5)
	RETURNING *
2022-11-27 11:08:05.620 MSK [3164] РћРЁРР‘РљРђ:  С‚РµРєСѓС‰Р°СЏ С‚СЂР°РЅР·Р°РєС†РёСЏ РїСЂРµСЂРІР°РЅР°, РєРѕРјР°РЅРґС‹ РґРѕ РєРѕРЅС†Р° Р±Р»РѕРєР° С‚СЂР°РЅР·Р°РєС†РёРё РёРіРЅРѕСЂРёСЂСѓСЋС‚СЃСЏ
2022-11-27 11:08:05.620 MSK [3164] РћРџР•Р РђРўРћР :  
2022-11-27 11:19:03.983 MSK [9048] РћРЁРР‘РљРђ:  СЃС‚РѕР»Р±РµС† "image_data" РёРјРµРµС‚ С‚РёРї bytea, Р° РІС‹СЂР°Р¶РµРЅРёРµ - bigint (СЃРёРјРІРѕР» 83)
2022-11-27 11:19:03.983 MSK [9048] РџРћР”РЎРљРђР—РљРђ:  РџРµСЂРµРїРёС€РёС‚Рµ РІС‹СЂР°Р¶РµРЅРёРµ РёР»Рё РїСЂРµРѕР±СЂР°Р·СѓР№С‚Рµ РµРіРѕ С‚РёРї.
2022-11-27 11:19:03.983 MSK [9048] РћРџР•Р РђРўРћР :  insert into products (category_id, image_data, name, price, quantity) values ($1, $2, $3, $4, $5)
	RETURNING *
2022-11-27 11:19:03.994 MSK [9048] РћРЁРР‘РљРђ:  С‚РµРєСѓС‰Р°СЏ С‚СЂР°РЅР·Р°РєС†РёСЏ РїСЂРµСЂРІР°РЅР°, РєРѕРјР°РЅРґС‹ РґРѕ РєРѕРЅС†Р° Р±Р»РѕРєР° С‚СЂР°РЅР·Р°РєС†РёРё РёРіРЅРѕСЂРёСЂСѓСЋС‚СЃСЏ
2022-11-27 11:19:03.994 MSK [9048] РћРџР•Р РђРўРћР :  
2022-11-27 11:27:06.704 MSK [1876] СООБЩЕНИЕ:  получен запрос на быстрое выключение
2022-11-27 11:27:06.706 MSK [1876] СООБЩЕНИЕ:  прерывание всех активных транзакций
2022-11-27 11:27:06.706 MSK [1344] Р’РђР–РќРћ:  Р·Р°РєСЂС‹С‚РёРµ РїРѕРґРєР»СЋС‡РµРЅРёСЏ РїРѕ РєРѕРјР°РЅРґРµ Р°РґРјРёРЅРёСЃС‚СЂР°С‚РѕСЂР°
2022-11-27 11:27:06.707 MSK [9048] Р’РђР–РќРћ:  Р·Р°РєСЂС‹С‚РёРµ РїРѕРґРєР»СЋС‡РµРЅРёСЏ РїРѕ РєРѕРјР°РЅРґРµ Р°РґРјРёРЅРёСЃС‚СЂР°С‚РѕСЂР°
2022-11-27 11:27:06.707 MSK [3256] Р’РђР–РќРћ:  Р·Р°РєСЂС‹С‚РёРµ РїРѕРґРєР»СЋС‡РµРЅРёСЏ РїРѕ РєРѕРјР°РЅРґРµ Р°РґРјРёРЅРёСЃС‚СЂР°С‚РѕСЂР°
2022-11-27 11:27:06.707 MSK [5276] Р’РђР–РќРћ:  Р·Р°РєСЂС‹С‚РёРµ РїРѕРґРєР»СЋС‡РµРЅРёСЏ РїРѕ РєРѕРјР°РЅРґРµ Р°РґРјРёРЅРёСЃС‚СЂР°С‚РѕСЂР°
2022-11-27 11:27:06.712 MSK [10836] Р’РђР–РќРћ:  Р·Р°РєСЂС‹С‚РёРµ РїРѕРґРєР»СЋС‡РµРЅРёСЏ РїРѕ РєРѕРјР°РЅРґРµ Р°РґРјРёРЅРёСЃС‚СЂР°С‚РѕСЂР°
2022-11-27 11:27:06.712 MSK [7460] Р’РђР–РќРћ:  Р·Р°РєСЂС‹С‚РёРµ РїРѕРґРєР»СЋС‡РµРЅРёСЏ РїРѕ РєРѕРјР°РЅРґРµ Р°РґРјРёРЅРёСЃС‚СЂР°С‚РѕСЂР°
2022-11-27 11:27:06.715 MSK [1876] СООБЩЕНИЕ:  фоновый процесс "logical replication launcher" (PID 2708) завершился с кодом выхода 1
2022-11-27 11:27:06.724 MSK [4112] СООБЩЕНИЕ:  выключение
2022-11-27 11:27:06.738 MSK [1876] СООБЩЕНИЕ:  система БД выключена
