2022-11-11 13:04:15.834 MSK [5420] —ŒŒ¡Ÿ≈Õ»≈:  Á‡ÔÛÒÍ‡ÂÚÒˇ PostgreSQL 14.5, compiled by Visual C++ build 1914, 64-bit
2022-11-11 13:04:15.835 MSK [5420] —ŒŒ¡Ÿ≈Õ»≈:  ‰Îˇ ÔË∏Ï‡ ÔÓ‰ÍÎ˛˜ÂÌËÈ ÔÓ ‡‰ÂÒÛ IPv6 "::" ÓÚÍ˚Ú ÔÓÚ 5432
2022-11-11 13:04:15.835 MSK [5420] —ŒŒ¡Ÿ≈Õ»≈:  ‰Îˇ ÔË∏Ï‡ ÔÓ‰ÍÎ˛˜ÂÌËÈ ÔÓ ‡‰ÂÒÛ IPv4 "0.0.0.0" ÓÚÍ˚Ú ÔÓÚ 5432
2022-11-11 13:04:15.866 MSK [3900] —ŒŒ¡Ÿ≈Õ»≈:  ÒËÒÚÂÏ‡ ¡ƒ ·˚Î‡ ‚˚ÍÎ˛˜ÂÌ‡: 2022-11-06 13:51:29 MSK
2022-11-11 13:04:15.879 MSK [5420] —ŒŒ¡Ÿ≈Õ»≈:  ÒËÒÚÂÏ‡ ¡ƒ „ÓÚÓ‚‡ ÔËÌËÏ‡Ú¸ ÔÓ‰ÍÎ˛˜ÂÌËˇ
2022-11-11 13:09:24.964 MSK [1844] –û–®–ò–ë–ö–ê:  —Å—Ç–æ–ª–±–µ—Ü products0_.category_id –Ω–µ —Å—É—â–µ—Å—Ç–≤—É–µ—Ç (—Å–∏–º–≤–æ–ª 8)
2022-11-11 13:09:24.964 MSK [1844] –ü–û–î–°–ö–ê–ó–ö–ê:  –í–æ–∑–º–æ–∂–Ω–æ, –ø—Ä–µ–¥–ø–æ–ª–∞–≥–∞–ª–∞—Å—å —Å—Å—ã–ª–∫–∞ –Ω–∞ —Å—Ç–æ–ª–±–µ—Ü "products0_.category".
2022-11-11 13:09:24.964 MSK [1844] –û–ü–ï–†–ê–¢–û–†:  select products0_.category_id as category6_1_0_, products0_.id as id1_1_0_, products0_.id as id1_1_1_, products0_.category_id as category6_1_1_, products0_.image_url as image_ur2_1_1_, products0_.name as name3_1_1_, products0_.price as price4_1_1_, products0_.quantity as quantity5_1_1_ from products products0_ where products0_.category_id=$1
2022-11-11 13:09:24.972 MSK [1844] –û–®–ò–ë–ö–ê:  —Ç–µ–∫—É—â–∞—è —Ç—Ä–∞–Ω–∑–∞–∫—Ü–∏—è –ø—Ä–µ—Ä–≤–∞–Ω–∞, –∫–æ–º–∞–Ω–¥—ã –¥–æ –∫–æ–Ω—Ü–∞ –±–ª–æ–∫–∞ —Ç—Ä–∞–Ω–∑–∞–∫—Ü–∏–∏ –∏–≥–Ω–æ—Ä–∏—Ä—É—é—Ç—Å—è
2022-11-11 13:09:24.972 MSK [1844] –û–ü–ï–†–ê–¢–û–†:  
2022-11-11 13:09:29.168 MSK [1844] –û–®–ò–ë–ö–ê:  —Å—Ç–æ–ª–±–µ—Ü products0_.category_id –Ω–µ —Å—É—â–µ—Å—Ç–≤—É–µ—Ç (—Å–∏–º–≤–æ–ª 8)
2022-11-11 13:09:29.168 MSK [1844] –ü–û–î–°–ö–ê–ó–ö–ê:  –í–æ–∑–º–æ–∂–Ω–æ, –ø—Ä–µ–¥–ø–æ–ª–∞–≥–∞–ª–∞—Å—å —Å—Å—ã–ª–∫–∞ –Ω–∞ —Å—Ç–æ–ª–±–µ—Ü "products0_.category".
2022-11-11 13:09:29.168 MSK [1844] –û–ü–ï–†–ê–¢–û–†:  select products0_.category_id as category6_1_0_, products0_.id as id1_1_0_, products0_.id as id1_1_1_, products0_.category_id as category6_1_1_, products0_.image_url as image_ur2_1_1_, products0_.name as name3_1_1_, products0_.price as price4_1_1_, products0_.quantity as quantity5_1_1_ from products products0_ where products0_.category_id=$1
2022-11-11 13:09:29.168 MSK [1844] –û–®–ò–ë–ö–ê:  —Ç–µ–∫—É—â–∞—è —Ç—Ä–∞–Ω–∑–∞–∫—Ü–∏—è –ø—Ä–µ—Ä–≤–∞–Ω–∞, –∫–æ–º–∞–Ω–¥—ã –¥–æ –∫–æ–Ω—Ü–∞ –±–ª–æ–∫–∞ —Ç—Ä–∞–Ω–∑–∞–∫—Ü–∏–∏ –∏–≥–Ω–æ—Ä–∏—Ä—É—é—Ç—Å—è
2022-11-11 13:09:29.168 MSK [1844] –û–ü–ï–†–ê–¢–û–†:  
2022-11-11 13:12:19.152 MSK [6388] –û–®–ò–ë–ö–ê:  —Å—Ç–æ–ª–±–µ—Ü products0_.category_id –Ω–µ —Å—É—â–µ—Å—Ç–≤—É–µ—Ç (—Å–∏–º–≤–æ–ª 8)
2022-11-11 13:12:19.152 MSK [6388] –ü–û–î–°–ö–ê–ó–ö–ê:  –í–æ–∑–º–æ–∂–Ω–æ, –ø—Ä–µ–¥–ø–æ–ª–∞–≥–∞–ª–∞—Å—å —Å—Å—ã–ª–∫–∞ –Ω–∞ —Å—Ç–æ–ª–±–µ—Ü "products0_.category".
2022-11-11 13:12:19.152 MSK [6388] –û–ü–ï–†–ê–¢–û–†:  select products0_.category_id as category6_1_0_, products0_.id as id1_1_0_, products0_.id as id1_1_1_, products0_.category_id as category6_1_1_, products0_.image_url as image_ur2_1_1_, products0_.name as name3_1_1_, products0_.price as price4_1_1_, products0_.quantity as quantity5_1_1_ from products products0_ where products0_.category_id=$1
2022-11-11 13:12:19.165 MSK [6388] –û–®–ò–ë–ö–ê:  —Ç–µ–∫—É—â–∞—è —Ç—Ä–∞–Ω–∑–∞–∫—Ü–∏—è –ø—Ä–µ—Ä–≤–∞–Ω–∞, –∫–æ–º–∞–Ω–¥—ã –¥–æ –∫–æ–Ω—Ü–∞ –±–ª–æ–∫–∞ —Ç—Ä–∞–Ω–∑–∞–∫—Ü–∏–∏ –∏–≥–Ω–æ—Ä–∏—Ä—É—é—Ç—Å—è
2022-11-11 13:12:19.165 MSK [6388] –û–ü–ï–†–ê–¢–û–†:  
2022-11-11 13:23:14.822 MSK [2784] –û–®–ò–ë–ö–ê:  —Å—Ç–æ–ª–±–µ—Ü products0_.category_id –Ω–µ —Å—É—â–µ—Å—Ç–≤—É–µ—Ç (—Å–∏–º–≤–æ–ª 8)
2022-11-11 13:23:14.822 MSK [2784] –ü–û–î–°–ö–ê–ó–ö–ê:  –í–æ–∑–º–æ–∂–Ω–æ, –ø—Ä–µ–¥–ø–æ–ª–∞–≥–∞–ª–∞—Å—å —Å—Å—ã–ª–∫–∞ –Ω–∞ —Å—Ç–æ–ª–±–µ—Ü "products0_.category".
2022-11-11 13:23:14.822 MSK [2784] –û–ü–ï–†–ê–¢–û–†:  select products0_.category_id as category6_1_0_, products0_.id as id1_1_0_, products0_.id as id1_1_1_, products0_.category_id as category6_1_1_, products0_.image_url as image_ur2_1_1_, products0_.name as name3_1_1_, products0_.price as price4_1_1_, products0_.quantity as quantity5_1_1_ from products products0_ where products0_.category_id=$1
2022-11-11 13:23:14.830 MSK [2784] –û–®–ò–ë–ö–ê:  —Ç–µ–∫—É—â–∞—è —Ç—Ä–∞–Ω–∑–∞–∫—Ü–∏—è –ø—Ä–µ—Ä–≤–∞–Ω–∞, –∫–æ–º–∞–Ω–¥—ã –¥–æ –∫–æ–Ω—Ü–∞ –±–ª–æ–∫–∞ —Ç—Ä–∞–Ω–∑–∞–∫—Ü–∏–∏ –∏–≥–Ω–æ—Ä–∏—Ä—É—é—Ç—Å—è
2022-11-11 13:23:14.830 MSK [2784] –û–ü–ï–†–ê–¢–û–†:  
2022-11-11 13:36:31.848 MSK [6828] –û–®–ò–ë–ö–ê:  —Å—Ç–æ–ª–±–µ—Ü category0_.category_id –Ω–µ —Å—É—â–µ—Å—Ç–≤—É–µ—Ç (—Å–∏–º–≤–æ–ª 8)
2022-11-11 13:36:31.848 MSK [6828] –û–ü–ï–†–ê–¢–û–†:  select category0_.category_id as category1_0_, category0_.title as title2_0_ from categories category0_
2022-11-11 13:36:31.857 MSK [6828] –û–®–ò–ë–ö–ê:  —Ç–µ–∫—É—â–∞—è —Ç—Ä–∞–Ω–∑–∞–∫—Ü–∏—è –ø—Ä–µ—Ä–≤–∞–Ω–∞, –∫–æ–º–∞–Ω–¥—ã –¥–æ –∫–æ–Ω—Ü–∞ –±–ª–æ–∫–∞ —Ç—Ä–∞–Ω–∑–∞–∫—Ü–∏–∏ –∏–≥–Ω–æ—Ä–∏—Ä—É—é—Ç—Å—è
2022-11-11 13:36:31.857 MSK [6828] –û–ü–ï–†–ê–¢–û–†:  
2022-11-11 13:38:07.853 MSK [608] –û–®–ò–ë–ö–ê:  —Å—Ç–æ–ª–±–µ—Ü products0_.category_id –Ω–µ —Å—É—â–µ—Å—Ç–≤—É–µ—Ç (—Å–∏–º–≤–æ–ª 8)
2022-11-11 13:38:07.853 MSK [608] –ü–û–î–°–ö–ê–ó–ö–ê:  –í–æ–∑–º–æ–∂–Ω–æ, –ø—Ä–µ–¥–ø–æ–ª–∞–≥–∞–ª–∞—Å—å —Å—Å—ã–ª–∫–∞ –Ω–∞ —Å—Ç–æ–ª–±–µ—Ü "products0_.category".
2022-11-11 13:38:07.853 MSK [608] –û–ü–ï–†–ê–¢–û–†:  select products0_.category_id as category6_1_0_, products0_.id as id1_1_0_, products0_.id as id1_1_1_, products0_.category_id as category6_1_1_, products0_.image_url as image_ur2_1_1_, products0_.name as name3_1_1_, products0_.price as price4_1_1_, products0_.quantity as quantity5_1_1_ from products products0_ where products0_.category_id=$1
2022-11-11 13:38:07.866 MSK [608] –û–®–ò–ë–ö–ê:  —Ç–µ–∫—É—â–∞—è —Ç—Ä–∞–Ω–∑–∞–∫—Ü–∏—è –ø—Ä–µ—Ä–≤–∞–Ω–∞, –∫–æ–º–∞–Ω–¥—ã –¥–æ –∫–æ–Ω—Ü–∞ –±–ª–æ–∫–∞ —Ç—Ä–∞–Ω–∑–∞–∫—Ü–∏–∏ –∏–≥–Ω–æ—Ä–∏—Ä—É—é—Ç—Å—è
2022-11-11 13:38:07.866 MSK [608] –û–ü–ï–†–ê–¢–û–†:  
2022-11-11 13:40:26.723 MSK [4284] –û–®–ò–ë–ö–ê:  —Å—Ç–æ–ª–±–µ—Ü products0_.category_id –Ω–µ —Å—É—â–µ—Å—Ç–≤—É–µ—Ç (—Å–∏–º–≤–æ–ª 8)
2022-11-11 13:40:26.723 MSK [4284] –ü–û–î–°–ö–ê–ó–ö–ê:  –í–æ–∑–º–æ–∂–Ω–æ, –ø—Ä–µ–¥–ø–æ–ª–∞–≥–∞–ª–∞—Å—å —Å—Å—ã–ª–∫–∞ –Ω–∞ —Å—Ç–æ–ª–±–µ—Ü "products0_.category".
2022-11-11 13:40:26.723 MSK [4284] –û–ü–ï–†–ê–¢–û–†:  select products0_.category_id as category6_1_0_, products0_.id as id1_1_0_, products0_.id as id1_1_1_, products0_.category_id as category6_1_1_, products0_.image_url as image_ur2_1_1_, products0_.name as name3_1_1_, products0_.price as price4_1_1_, products0_.quantity as quantity5_1_1_ from products products0_ where products0_.category_id=$1
2022-11-11 13:40:26.730 MSK [4284] –û–®–ò–ë–ö–ê:  —Ç–µ–∫—É—â–∞—è —Ç—Ä–∞–Ω–∑–∞–∫—Ü–∏—è –ø—Ä–µ—Ä–≤–∞–Ω–∞, –∫–æ–º–∞–Ω–¥—ã –¥–æ –∫–æ–Ω—Ü–∞ –±–ª–æ–∫–∞ —Ç—Ä–∞–Ω–∑–∞–∫—Ü–∏–∏ –∏–≥–Ω–æ—Ä–∏—Ä—É—é—Ç—Å—è
2022-11-11 13:40:26.730 MSK [4284] –û–ü–ï–†–ê–¢–û–†:  
2022-11-11 13:41:05.305 MSK [4284] –û–®–ò–ë–ö–ê:  —Å—Ç–æ–ª–±–µ—Ü products0_.category_id –Ω–µ —Å—É—â–µ—Å—Ç–≤—É–µ—Ç (—Å–∏–º–≤–æ–ª 8)
2022-11-11 13:41:05.305 MSK [4284] –ü–û–î–°–ö–ê–ó–ö–ê:  –í–æ–∑–º–æ–∂–Ω–æ, –ø—Ä–µ–¥–ø–æ–ª–∞–≥–∞–ª–∞—Å—å —Å—Å—ã–ª–∫–∞ –Ω–∞ —Å—Ç–æ–ª–±–µ—Ü "products0_.category".
2022-11-11 13:41:05.305 MSK [4284] –û–ü–ï–†–ê–¢–û–†:  select products0_.category_id as category6_1_0_, products0_.id as id1_1_0_, products0_.id as id1_1_1_, products0_.category_id as category6_1_1_, products0_.image_url as image_ur2_1_1_, products0_.name as name3_1_1_, products0_.price as price4_1_1_, products0_.quantity as quantity5_1_1_ from products products0_ where products0_.category_id=$1
2022-11-11 13:41:05.306 MSK [4284] –û–®–ò–ë–ö–ê:  —Ç–µ–∫—É—â–∞—è —Ç—Ä–∞–Ω–∑–∞–∫—Ü–∏—è –ø—Ä–µ—Ä–≤–∞–Ω–∞, –∫–æ–º–∞–Ω–¥—ã –¥–æ –∫–æ–Ω—Ü–∞ –±–ª–æ–∫–∞ —Ç—Ä–∞–Ω–∑–∞–∫—Ü–∏–∏ –∏–≥–Ω–æ—Ä–∏—Ä—É—é—Ç—Å—è
2022-11-11 13:41:05.306 MSK [4284] –û–ü–ï–†–ê–¢–û–†:  
2022-11-11 13:54:12.130 MSK [412] –û–®–ò–ë–ö–ê:  —Å—Ç–æ–ª–±–µ—Ü products0_.product_id –Ω–µ —Å—É—â–µ—Å—Ç–≤—É–µ—Ç (—Å–∏–º–≤–æ–ª 8)
2022-11-11 13:54:12.130 MSK [412] –û–ü–ï–†–ê–¢–û–†:  select products0_.product_id as product_6_1_0_, products0_.id as id1_1_0_, products0_.id as id1_1_1_, products0_.image_url as image_ur2_1_1_, products0_.name as name3_1_1_, products0_.price as price4_1_1_, products0_.quantity as quantity5_1_1_ from products products0_ where products0_.product_id=$1
2022-11-11 13:54:12.138 MSK [412] –û–®–ò–ë–ö–ê:  —Ç–µ–∫—É—â–∞—è —Ç—Ä–∞–Ω–∑–∞–∫—Ü–∏—è –ø—Ä–µ—Ä–≤–∞–Ω–∞, –∫–æ–º–∞–Ω–¥—ã –¥–æ –∫–æ–Ω—Ü–∞ –±–ª–æ–∫–∞ —Ç—Ä–∞–Ω–∑–∞–∫—Ü–∏–∏ –∏–≥–Ω–æ—Ä–∏—Ä—É—é—Ç—Å—è
2022-11-11 13:54:12.138 MSK [412] –û–ü–ï–†–ê–¢–û–†:  
2022-11-11 13:54:13.879 MSK [412] –û–®–ò–ë–ö–ê:  —Å—Ç–æ–ª–±–µ—Ü products0_.product_id –Ω–µ —Å—É—â–µ—Å—Ç–≤—É–µ—Ç (—Å–∏–º–≤–æ–ª 8)
2022-11-11 13:54:13.879 MSK [412] –û–ü–ï–†–ê–¢–û–†:  select products0_.product_id as product_6_1_0_, products0_.id as id1_1_0_, products0_.id as id1_1_1_, products0_.image_url as image_ur2_1_1_, products0_.name as name3_1_1_, products0_.price as price4_1_1_, products0_.quantity as quantity5_1_1_ from products products0_ where products0_.product_id=$1
2022-11-11 13:54:13.879 MSK [412] –û–®–ò–ë–ö–ê:  —Ç–µ–∫—É—â–∞—è —Ç—Ä–∞–Ω–∑–∞–∫—Ü–∏—è –ø—Ä–µ—Ä–≤–∞–Ω–∞, –∫–æ–º–∞–Ω–¥—ã –¥–æ –∫–æ–Ω—Ü–∞ –±–ª–æ–∫–∞ —Ç—Ä–∞–Ω–∑–∞–∫—Ü–∏–∏ –∏–≥–Ω–æ—Ä–∏—Ä—É—é—Ç—Å—è
2022-11-11 13:54:13.879 MSK [412] –û–ü–ï–†–ê–¢–û–†:  
2022-11-11 13:55:52.589 MSK [1704] –û–®–ò–ë–ö–ê:  —Å—Ç–æ–ª–±–µ—Ü products0_.category_id –Ω–µ —Å—É—â–µ—Å—Ç–≤—É–µ—Ç (—Å–∏–º–≤–æ–ª 8)
2022-11-11 13:55:52.589 MSK [1704] –ü–û–î–°–ö–ê–ó–ö–ê:  –í–æ–∑–º–æ–∂–Ω–æ, –ø—Ä–µ–¥–ø–æ–ª–∞–≥–∞–ª–∞—Å—å —Å—Å—ã–ª–∫–∞ –Ω–∞ —Å—Ç–æ–ª–±–µ—Ü "products0_.category".
2022-11-11 13:55:52.589 MSK [1704] –û–ü–ï–†–ê–¢–û–†:  select products0_.category_id as category6_1_0_, products0_.id as id1_1_0_, products0_.id as id1_1_1_, products0_.category_id as category6_1_1_, products0_.image_url as image_ur2_1_1_, products0_.name as name3_1_1_, products0_.price as price4_1_1_, products0_.quantity as quantity5_1_1_ from products products0_ where products0_.category_id=$1
2022-11-11 13:55:52.596 MSK [1704] –û–®–ò–ë–ö–ê:  —Ç–µ–∫—É—â–∞—è —Ç—Ä–∞–Ω–∑–∞–∫—Ü–∏—è –ø—Ä–µ—Ä–≤–∞–Ω–∞, –∫–æ–º–∞–Ω–¥—ã –¥–æ –∫–æ–Ω—Ü–∞ –±–ª–æ–∫–∞ —Ç—Ä–∞–Ω–∑–∞–∫—Ü–∏–∏ –∏–≥–Ω–æ—Ä–∏—Ä—É—é—Ç—Å—è
2022-11-11 13:55:52.596 MSK [1704] –û–ü–ï–†–ê–¢–û–†:  
2022-11-11 13:55:53.455 MSK [1704] –û–®–ò–ë–ö–ê:  —Å—Ç–æ–ª–±–µ—Ü products0_.category_id –Ω–µ —Å—É—â–µ—Å—Ç–≤—É–µ—Ç (—Å–∏–º–≤–æ–ª 8)
2022-11-11 13:55:53.455 MSK [1704] –ü–û–î–°–ö–ê–ó–ö–ê:  –í–æ–∑–º–æ–∂–Ω–æ, –ø—Ä–µ–¥–ø–æ–ª–∞–≥–∞–ª–∞—Å—å —Å—Å—ã–ª–∫–∞ –Ω–∞ —Å—Ç–æ–ª–±–µ—Ü "products0_.category".
2022-11-11 13:55:53.455 MSK [1704] –û–ü–ï–†–ê–¢–û–†:  select products0_.category_id as category6_1_0_, products0_.id as id1_1_0_, products0_.id as id1_1_1_, products0_.category_id as category6_1_1_, products0_.image_url as image_ur2_1_1_, products0_.name as name3_1_1_, products0_.price as price4_1_1_, products0_.quantity as quantity5_1_1_ from products products0_ where products0_.category_id=$1
2022-11-11 13:55:53.455 MSK [1704] –û–®–ò–ë–ö–ê:  —Ç–µ–∫—É—â–∞—è —Ç—Ä–∞–Ω–∑–∞–∫—Ü–∏—è –ø—Ä–µ—Ä–≤–∞–Ω–∞, –∫–æ–º–∞–Ω–¥—ã –¥–æ –∫–æ–Ω—Ü–∞ –±–ª–æ–∫–∞ —Ç—Ä–∞–Ω–∑–∞–∫—Ü–∏–∏ –∏–≥–Ω–æ—Ä–∏—Ä—É—é—Ç—Å—è
2022-11-11 13:55:53.455 MSK [1704] –û–ü–ï–†–ê–¢–û–†:  
2022-11-11 13:56:05.373 MSK [1704] –û–®–ò–ë–ö–ê:  —Å—Ç–æ–ª–±–µ—Ü products0_.category_id –Ω–µ —Å—É—â–µ—Å—Ç–≤—É–µ—Ç (—Å–∏–º–≤–æ–ª 8)
2022-11-11 13:56:05.373 MSK [1704] –ü–û–î–°–ö–ê–ó–ö–ê:  –í–æ–∑–º–æ–∂–Ω–æ, –ø—Ä–µ–¥–ø–æ–ª–∞–≥–∞–ª–∞—Å—å —Å—Å—ã–ª–∫–∞ –Ω–∞ —Å—Ç–æ–ª–±–µ—Ü "products0_.category".
2022-11-11 13:56:05.373 MSK [1704] –û–ü–ï–†–ê–¢–û–†:  select products0_.category_id as category6_1_0_, products0_.id as id1_1_0_, products0_.id as id1_1_1_, products0_.category_id as category6_1_1_, products0_.image_url as image_ur2_1_1_, products0_.name as name3_1_1_, products0_.price as price4_1_1_, products0_.quantity as quantity5_1_1_ from products products0_ where products0_.category_id=$1
2022-11-11 13:56:05.374 MSK [1704] –û–®–ò–ë–ö–ê:  —Ç–µ–∫—É—â–∞—è —Ç—Ä–∞–Ω–∑–∞–∫—Ü–∏—è –ø—Ä–µ—Ä–≤–∞–Ω–∞, –∫–æ–º–∞–Ω–¥—ã –¥–æ –∫–æ–Ω—Ü–∞ –±–ª–æ–∫–∞ —Ç—Ä–∞–Ω–∑–∞–∫—Ü–∏–∏ –∏–≥–Ω–æ—Ä–∏—Ä—É—é—Ç—Å—è
2022-11-11 13:56:05.374 MSK [1704] –û–ü–ï–†–ê–¢–û–†:  
2022-11-11 13:59:49.387 MSK [348] –û–®–ò–ë–ö–ê:  —Å—Ç–æ–ª–±–µ—Ü products0_.category_id –Ω–µ —Å—É—â–µ—Å—Ç–≤—É–µ—Ç (—Å–∏–º–≤–æ–ª 8)
2022-11-11 13:59:49.387 MSK [348] –ü–û–î–°–ö–ê–ó–ö–ê:  –í–æ–∑–º–æ–∂–Ω–æ, –ø—Ä–µ–¥–ø–æ–ª–∞–≥–∞–ª–∞—Å—å —Å—Å—ã–ª–∫–∞ –Ω–∞ —Å—Ç–æ–ª–±–µ—Ü "products0_.category".
2022-11-11 13:59:49.387 MSK [348] –û–ü–ï–†–ê–¢–û–†:  select products0_.category_id as category6_1_0_, products0_.id as id1_1_0_, products0_.id as id1_1_1_, products0_.category_id as category6_1_1_, products0_.image_url as image_ur2_1_1_, products0_.name as name3_1_1_, products0_.price as price4_1_1_, products0_.quantity as quantity5_1_1_ from products products0_ where products0_.category_id=$1
2022-11-11 13:59:49.396 MSK [348] –û–®–ò–ë–ö–ê:  —Ç–µ–∫—É—â–∞—è —Ç—Ä–∞–Ω–∑–∞–∫—Ü–∏—è –ø—Ä–µ—Ä–≤–∞–Ω–∞, –∫–æ–º–∞–Ω–¥—ã –¥–æ –∫–æ–Ω—Ü–∞ –±–ª–æ–∫–∞ —Ç—Ä–∞–Ω–∑–∞–∫—Ü–∏–∏ –∏–≥–Ω–æ—Ä–∏—Ä—É—é—Ç—Å—è
2022-11-11 13:59:49.396 MSK [348] –û–ü–ï–†–ê–¢–û–†:  
2022-11-11 13:59:50.248 MSK [348] –û–®–ò–ë–ö–ê:  —Å—Ç–æ–ª–±–µ—Ü products0_.category_id –Ω–µ —Å—É—â–µ—Å—Ç–≤—É–µ—Ç (—Å–∏–º–≤–æ–ª 8)
2022-11-11 13:59:50.248 MSK [348] –ü–û–î–°–ö–ê–ó–ö–ê:  –í–æ–∑–º–æ–∂–Ω–æ, –ø—Ä–µ–¥–ø–æ–ª–∞–≥–∞–ª–∞—Å—å —Å—Å—ã–ª–∫–∞ –Ω–∞ —Å—Ç–æ–ª–±–µ—Ü "products0_.category".
2022-11-11 13:59:50.248 MSK [348] –û–ü–ï–†–ê–¢–û–†:  select products0_.category_id as category6_1_0_, products0_.id as id1_1_0_, products0_.id as id1_1_1_, products0_.category_id as category6_1_1_, products0_.image_url as image_ur2_1_1_, products0_.name as name3_1_1_, products0_.price as price4_1_1_, products0_.quantity as quantity5_1_1_ from products products0_ where products0_.category_id=$1
2022-11-11 13:59:50.248 MSK [348] –û–®–ò–ë–ö–ê:  —Ç–µ–∫—É—â–∞—è —Ç—Ä–∞–Ω–∑–∞–∫—Ü–∏—è –ø—Ä–µ—Ä–≤–∞–Ω–∞, –∫–æ–º–∞–Ω–¥—ã –¥–æ –∫–æ–Ω—Ü–∞ –±–ª–æ–∫–∞ —Ç—Ä–∞–Ω–∑–∞–∫—Ü–∏–∏ –∏–≥–Ω–æ—Ä–∏—Ä—É—é—Ç—Å—è
2022-11-11 13:59:50.248 MSK [348] –û–ü–ï–†–ê–¢–û–†:  
2022-11-11 14:00:53.211 MSK [7760] –û–®–ò–ë–ö–ê:  —Å—Ç–æ–ª–±–µ—Ü products0_.category_id –Ω–µ —Å—É—â–µ—Å—Ç–≤—É–µ—Ç (—Å–∏–º–≤–æ–ª 8)
2022-11-11 14:00:53.211 MSK [7760] –ü–û–î–°–ö–ê–ó–ö–ê:  –í–æ–∑–º–æ–∂–Ω–æ, –ø—Ä–µ–¥–ø–æ–ª–∞–≥–∞–ª–∞—Å—å —Å—Å—ã–ª–∫–∞ –Ω–∞ —Å—Ç–æ–ª–±–µ—Ü "products0_.category".
2022-11-11 14:00:53.211 MSK [7760] –û–ü–ï–†–ê–¢–û–†:  select products0_.category_id as category6_1_0_, products0_.id as id1_1_0_, products0_.id as id1_1_1_, products0_.category_id as category6_1_1_, products0_.image_url as image_ur2_1_1_, products0_.name as name3_1_1_, products0_.price as price4_1_1_, products0_.quantity as quantity5_1_1_ from products products0_ where products0_.category_id=$1
2022-11-11 14:00:53.219 MSK [7760] –û–®–ò–ë–ö–ê:  —Ç–µ–∫—É—â–∞—è —Ç—Ä–∞–Ω–∑–∞–∫—Ü–∏—è –ø—Ä–µ—Ä–≤–∞–Ω–∞, –∫–æ–º–∞–Ω–¥—ã –¥–æ –∫–æ–Ω—Ü–∞ –±–ª–æ–∫–∞ —Ç—Ä–∞–Ω–∑–∞–∫—Ü–∏–∏ –∏–≥–Ω–æ—Ä–∏—Ä—É—é—Ç—Å—è
2022-11-11 14:00:53.219 MSK [7760] –û–ü–ï–†–ê–¢–û–†:  
2022-11-11 14:19:53.049 MSK [7760] –û–®–ò–ë–ö–ê:  —Å—Ç–æ–ª–±–µ—Ü products1_.category_id –Ω–µ —Å—É—â–µ—Å—Ç–≤—É–µ—Ç (—Å–∏–º–≤–æ–ª 428)
2022-11-11 14:19:53.049 MSK [7760] –ü–û–î–°–ö–ê–ó–ö–ê:  –í–æ–∑–º–æ–∂–Ω–æ, –ø—Ä–µ–¥–ø–æ–ª–∞–≥–∞–ª–∞—Å—å —Å—Å—ã–ª–∫–∞ –Ω–∞ —Å—Ç–æ–ª–±–µ—Ü "products1_.category".
2022-11-11 14:19:53.049 MSK [7760] –û–ü–ï–†–ê–¢–û–†:  select category0_.id as id1_0_0_, category0_.title as title2_0_0_, products1_.category_id as category6_1_1_, products1_.id as id1_1_1_, products1_.id as id1_1_2_, products1_.category_id as category6_1_2_, products1_.image_url as image_ur2_1_2_, products1_.name as name3_1_2_, products1_.price as price4_1_2_, products1_.quantity as quantity5_1_2_ from categories category0_ left outer join products products1_ on category0_.id=products1_.category_id where category0_.id=$1
2022-11-11 14:19:53.050 MSK [7760] –û–®–ò–ë–ö–ê:  —Ç–µ–∫—É—â–∞—è —Ç—Ä–∞–Ω–∑–∞–∫—Ü–∏—è –ø—Ä–µ—Ä–≤–∞–Ω–∞, –∫–æ–º–∞–Ω–¥—ã –¥–æ –∫–æ–Ω—Ü–∞ –±–ª–æ–∫–∞ —Ç—Ä–∞–Ω–∑–∞–∫—Ü–∏–∏ –∏–≥–Ω–æ—Ä–∏—Ä—É—é—Ç—Å—è
2022-11-11 14:19:53.050 MSK [7760] –û–ü–ï–†–ê–¢–û–†:  
2022-11-11 14:20:37.385 MSK [7760] –û–®–ò–ë–ö–ê:  —Å—Ç–æ–ª–±–µ—Ü product0_.category_id –Ω–µ —Å—É—â–µ—Å—Ç–≤—É–µ—Ç (—Å–∏–º–≤–æ–ª 32)
2022-11-11 14:20:37.385 MSK [7760] –ü–û–î–°–ö–ê–ó–ö–ê:  –í–æ–∑–º–æ–∂–Ω–æ, –ø—Ä–µ–¥–ø–æ–ª–∞–≥–∞–ª–∞—Å—å —Å—Å—ã–ª–∫–∞ –Ω–∞ —Å—Ç–æ–ª–±–µ—Ü "product0_.category".
2022-11-11 14:20:37.385 MSK [7760] –û–ü–ï–†–ê–¢–û–†:  select product0_.id as id1_1_, product0_.category_id as category6_1_, product0_.image_url as image_ur2_1_, product0_.name as name3_1_, product0_.price as price4_1_, product0_.quantity as quantity5_1_ from products product0_
2022-11-11 14:20:37.386 MSK [7760] –û–®–ò–ë–ö–ê:  —Ç–µ–∫—É—â–∞—è —Ç—Ä–∞–Ω–∑–∞–∫—Ü–∏—è –ø—Ä–µ—Ä–≤–∞–Ω–∞, –∫–æ–º–∞–Ω–¥—ã –¥–æ –∫–æ–Ω—Ü–∞ –±–ª–æ–∫–∞ —Ç—Ä–∞–Ω–∑–∞–∫—Ü–∏–∏ –∏–≥–Ω–æ—Ä–∏—Ä—É—é—Ç—Å—è
2022-11-11 14:20:37.386 MSK [7760] –û–ü–ï–†–ê–¢–û–†:  
2022-11-11 14:20:39.662 MSK [7760] –û–®–ò–ë–ö–ê:  —Å—Ç–æ–ª–±–µ—Ü product0_.category_id –Ω–µ —Å—É—â–µ—Å—Ç–≤—É–µ—Ç (—Å–∏–º–≤–æ–ª 32)
2022-11-11 14:20:39.662 MSK [7760] –ü–û–î–°–ö–ê–ó–ö–ê:  –í–æ–∑–º–æ–∂–Ω–æ, –ø—Ä–µ–¥–ø–æ–ª–∞–≥–∞–ª–∞—Å—å —Å—Å—ã–ª–∫–∞ –Ω–∞ —Å—Ç–æ–ª–±–µ—Ü "product0_.category".
2022-11-11 14:20:39.662 MSK [7760] –û–ü–ï–†–ê–¢–û–†:  select product0_.id as id1_1_, product0_.category_id as category6_1_, product0_.image_url as image_ur2_1_, product0_.name as name3_1_, product0_.price as price4_1_, product0_.quantity as quantity5_1_ from products product0_
2022-11-11 14:20:39.663 MSK [7760] –û–®–ò–ë–ö–ê:  —Ç–µ–∫—É—â–∞—è —Ç—Ä–∞–Ω–∑–∞–∫—Ü–∏—è –ø—Ä–µ—Ä–≤–∞–Ω–∞, –∫–æ–º–∞–Ω–¥—ã –¥–æ –∫–æ–Ω—Ü–∞ –±–ª–æ–∫–∞ —Ç—Ä–∞–Ω–∑–∞–∫—Ü–∏–∏ –∏–≥–Ω–æ—Ä–∏—Ä—É—é—Ç—Å—è
2022-11-11 14:20:39.663 MSK [7760] –û–ü–ï–†–ê–¢–û–†:  
2022-11-11 14:20:40.200 MSK [7760] –û–®–ò–ë–ö–ê:  —Å—Ç–æ–ª–±–µ—Ü product0_.category_id –Ω–µ —Å—É—â–µ—Å—Ç–≤—É–µ—Ç (—Å–∏–º–≤–æ–ª 32)
2022-11-11 14:20:40.200 MSK [7760] –ü–û–î–°–ö–ê–ó–ö–ê:  –í–æ–∑–º–æ–∂–Ω–æ, –ø—Ä–µ–¥–ø–æ–ª–∞–≥–∞–ª–∞—Å—å —Å—Å—ã–ª–∫–∞ –Ω–∞ —Å—Ç–æ–ª–±–µ—Ü "product0_.category".
2022-11-11 14:20:40.200 MSK [7760] –û–ü–ï–†–ê–¢–û–†:  select product0_.id as id1_1_, product0_.category_id as category6_1_, product0_.image_url as image_ur2_1_, product0_.name as name3_1_, product0_.price as price4_1_, product0_.quantity as quantity5_1_ from products product0_
2022-11-11 14:20:40.201 MSK [7760] –û–®–ò–ë–ö–ê:  —Ç–µ–∫—É—â–∞—è —Ç—Ä–∞–Ω–∑–∞–∫—Ü–∏—è –ø—Ä–µ—Ä–≤–∞–Ω–∞, –∫–æ–º–∞–Ω–¥—ã –¥–æ –∫–æ–Ω—Ü–∞ –±–ª–æ–∫–∞ —Ç—Ä–∞–Ω–∑–∞–∫—Ü–∏–∏ –∏–≥–Ω–æ—Ä–∏—Ä—É—é—Ç—Å—è
2022-11-11 14:20:40.201 MSK [7760] –û–ü–ï–†–ê–¢–û–†:  
2022-11-11 14:20:40.390 MSK [7760] –û–®–ò–ë–ö–ê:  —Å—Ç–æ–ª–±–µ—Ü product0_.category_id –Ω–µ —Å—É—â–µ—Å—Ç–≤—É–µ—Ç (—Å–∏–º–≤–æ–ª 32)
2022-11-11 14:20:40.390 MSK [7760] –ü–û–î–°–ö–ê–ó–ö–ê:  –í–æ–∑–º–æ–∂–Ω–æ, –ø—Ä–µ–¥–ø–æ–ª–∞–≥–∞–ª–∞—Å—å —Å—Å—ã–ª–∫–∞ –Ω–∞ —Å—Ç–æ–ª–±–µ—Ü "product0_.category".
2022-11-11 14:20:40.390 MSK [7760] –û–ü–ï–†–ê–¢–û–†:  select product0_.id as id1_1_, product0_.category_id as category6_1_, product0_.image_url as image_ur2_1_, product0_.name as name3_1_, product0_.price as price4_1_, product0_.quantity as quantity5_1_ from products product0_
2022-11-11 14:20:40.390 MSK [7760] –û–®–ò–ë–ö–ê:  —Ç–µ–∫—É—â–∞—è —Ç—Ä–∞–Ω–∑–∞–∫—Ü–∏—è –ø—Ä–µ—Ä–≤–∞–Ω–∞, –∫–æ–º–∞–Ω–¥—ã –¥–æ –∫–æ–Ω—Ü–∞ –±–ª–æ–∫–∞ —Ç—Ä–∞–Ω–∑–∞–∫—Ü–∏–∏ –∏–≥–Ω–æ—Ä–∏—Ä—É—é—Ç—Å—è
2022-11-11 14:20:40.390 MSK [7760] –û–ü–ï–†–ê–¢–û–†:  
2022-11-11 14:20:40.574 MSK [7760] –û–®–ò–ë–ö–ê:  —Å—Ç–æ–ª–±–µ—Ü product0_.category_id –Ω–µ —Å—É—â–µ—Å—Ç–≤—É–µ—Ç (—Å–∏–º–≤–æ–ª 32)
2022-11-11 14:20:40.574 MSK [7760] –ü–û–î–°–ö–ê–ó–ö–ê:  –í–æ–∑–º–æ–∂–Ω–æ, –ø—Ä–µ–¥–ø–æ–ª–∞–≥–∞–ª–∞—Å—å —Å—Å—ã–ª–∫–∞ –Ω–∞ —Å—Ç–æ–ª–±–µ—Ü "product0_.category".
2022-11-11 14:20:40.574 MSK [7760] –û–ü–ï–†–ê–¢–û–†:  select product0_.id as id1_1_, product0_.category_id as category6_1_, product0_.image_url as image_ur2_1_, product0_.name as name3_1_, product0_.price as price4_1_, product0_.quantity as quantity5_1_ from products product0_
2022-11-11 14:20:40.574 MSK [7760] –û–®–ò–ë–ö–ê:  —Ç–µ–∫—É—â–∞—è —Ç—Ä–∞–Ω–∑–∞–∫—Ü–∏—è –ø—Ä–µ—Ä–≤–∞–Ω–∞, –∫–æ–º–∞–Ω–¥—ã –¥–æ –∫–æ–Ω—Ü–∞ –±–ª–æ–∫–∞ —Ç—Ä–∞–Ω–∑–∞–∫—Ü–∏–∏ –∏–≥–Ω–æ—Ä–∏—Ä—É—é—Ç—Å—è
2022-11-11 14:20:40.574 MSK [7760] –û–ü–ï–†–ê–¢–û–†:  
2022-11-11 14:20:40.752 MSK [7760] –û–®–ò–ë–ö–ê:  —Å—Ç–æ–ª–±–µ—Ü product0_.category_id –Ω–µ —Å—É—â–µ—Å—Ç–≤—É–µ—Ç (—Å–∏–º–≤–æ–ª 32)
2022-11-11 14:20:40.752 MSK [7760] –ü–û–î–°–ö–ê–ó–ö–ê:  –í–æ–∑–º–æ–∂–Ω–æ, –ø—Ä–µ–¥–ø–æ–ª–∞–≥–∞–ª–∞—Å—å —Å—Å—ã–ª–∫–∞ –Ω–∞ —Å—Ç–æ–ª–±–µ—Ü "product0_.category".
2022-11-11 14:20:40.752 MSK [7760] –û–ü–ï–†–ê–¢–û–†:  select product0_.id as id1_1_, product0_.category_id as category6_1_, product0_.image_url as image_ur2_1_, product0_.name as name3_1_, product0_.price as price4_1_, product0_.quantity as quantity5_1_ from products product0_
2022-11-11 14:20:40.752 MSK [7760] –û–®–ò–ë–ö–ê:  —Ç–µ–∫—É—â–∞—è —Ç—Ä–∞–Ω–∑–∞–∫—Ü–∏—è –ø—Ä–µ—Ä–≤–∞–Ω–∞, –∫–æ–º–∞–Ω–¥—ã –¥–æ –∫–æ–Ω—Ü–∞ –±–ª–æ–∫–∞ —Ç—Ä–∞–Ω–∑–∞–∫—Ü–∏–∏ –∏–≥–Ω–æ—Ä–∏—Ä—É—é—Ç—Å—è
2022-11-11 14:20:40.752 MSK [7760] –û–ü–ï–†–ê–¢–û–†:  
2022-11-11 14:20:40.957 MSK [7760] –û–®–ò–ë–ö–ê:  —Å—Ç–æ–ª–±–µ—Ü product0_.category_id –Ω–µ —Å—É—â–µ—Å—Ç–≤—É–µ—Ç (—Å–∏–º–≤–æ–ª 32)
2022-11-11 14:20:40.957 MSK [7760] –ü–û–î–°–ö–ê–ó–ö–ê:  –í–æ–∑–º–æ–∂–Ω–æ, –ø—Ä–µ–¥–ø–æ–ª–∞–≥–∞–ª–∞—Å—å —Å—Å—ã–ª–∫–∞ –Ω–∞ —Å—Ç–æ–ª–±–µ—Ü "product0_.category".
2022-11-11 14:20:40.957 MSK [7760] –û–ü–ï–†–ê–¢–û–†:  select product0_.id as id1_1_, product0_.category_id as category6_1_, product0_.image_url as image_ur2_1_, product0_.name as name3_1_, product0_.price as price4_1_, product0_.quantity as quantity5_1_ from products product0_
2022-11-11 14:20:40.958 MSK [7760] –û–®–ò–ë–ö–ê:  —Ç–µ–∫—É—â–∞—è —Ç—Ä–∞–Ω–∑–∞–∫—Ü–∏—è –ø—Ä–µ—Ä–≤–∞–Ω–∞, –∫–æ–º–∞–Ω–¥—ã –¥–æ –∫–æ–Ω—Ü–∞ –±–ª–æ–∫–∞ —Ç—Ä–∞–Ω–∑–∞–∫—Ü–∏–∏ –∏–≥–Ω–æ—Ä–∏—Ä—É—é—Ç—Å—è
2022-11-11 14:20:40.958 MSK [7760] –û–ü–ï–†–ê–¢–û–†:  
2022-11-11 14:30:46.996 MSK [8152] –°–û–û–ë–©–ï–ù–ò–ï:  –Ω–µ —É–¥–∞–ª–æ—Å—å –ø–æ–ª—É—á–∏—Ç—å –¥–∞–Ω–Ω—ã–µ –æ—Ç –∫–ª–∏–µ–Ω—Ç–∞: An existing connection was forcibly closed by the remote host.
	
2022-11-11 14:30:46.997 MSK [2176] –°–û–û–ë–©–ï–ù–ò–ï:  –Ω–µ —É–¥–∞–ª–æ—Å—å –ø–æ–ª—É—á–∏—Ç—å –¥–∞–Ω–Ω—ã–µ –æ—Ç –∫–ª–∏–µ–Ω—Ç–∞: An existing connection was forcibly closed by the remote host.
	
2022-11-11 14:30:46.998 MSK [6748] –°–û–û–ë–©–ï–ù–ò–ï:  –Ω–µ —É–¥–∞–ª–æ—Å—å –ø–æ–ª—É—á–∏—Ç—å –¥–∞–Ω–Ω—ã–µ –æ—Ç –∫–ª–∏–µ–Ω—Ç–∞: An existing connection was forcibly closed by the remote host.
	
2022-11-11 14:30:46.999 MSK [7064] –°–û–û–ë–©–ï–ù–ò–ï:  –Ω–µ —É–¥–∞–ª–æ—Å—å –ø–æ–ª—É—á–∏—Ç—å –¥–∞–Ω–Ω—ã–µ –æ—Ç –∫–ª–∏–µ–Ω—Ç–∞: An existing connection was forcibly closed by the remote host.
	
2022-11-11 14:31:59.006 MSK [5420] —ŒŒ¡Ÿ≈Õ»≈:  ÔÓÎÛ˜ÂÌ Á‡ÔÓÒ Ì‡ ·˚ÒÚÓÂ ‚˚ÍÎ˛˜ÂÌËÂ
2022-11-11 14:31:59.007 MSK [5420] —ŒŒ¡Ÿ≈Õ»≈:  ÔÂ˚‚‡ÌËÂ ‚ÒÂı ‡ÍÚË‚Ì˚ı Ú‡ÌÁ‡ÍˆËÈ
2022-11-11 14:31:59.009 MSK [7204] Œÿ»¡ ¿:  ‚˚ÔÓÎÌÂÌËÂ ÓÔÂ‡ÚÓ‡ ÓÚÏÂÌÂÌÓ ÔÓ Á‡ÔÓÒÛ ÔÓÎ¸ÁÓ‚‡ÚÂÎˇ
2022-11-11 14:31:59.012 MSK [5420] —ŒŒ¡Ÿ≈Õ»≈:  ÙÓÌÓ‚˚È ÔÓˆÂÒÒ "logical replication launcher" (PID 7204) Á‡‚Â¯ËÎÒˇ Ò ÍÓ‰ÓÏ ‚˚ıÓ‰‡ 1
2022-11-11 14:31:59.013 MSK [5344] —ŒŒ¡Ÿ≈Õ»≈:  ‚˚ÍÎ˛˜ÂÌËÂ
2022-11-11 14:31:59.027 MSK [5420] —ŒŒ¡Ÿ≈Õ»≈:  ÒËÒÚÂÏ‡ ¡ƒ ‚˚ÍÎ˛˜ÂÌ‡
