2022-11-12 09:41:02.210 MSK [7888] СООБЩЕНИЕ:  запускается PostgreSQL 14.5, compiled by Visual C++ build 1914, 64-bit
2022-11-12 09:41:02.211 MSK [7888] СООБЩЕНИЕ:  для приёма подключений по адресу IPv6 "::" открыт порт 5432
2022-11-12 09:41:02.211 MSK [7888] СООБЩЕНИЕ:  для приёма подключений по адресу IPv4 "0.0.0.0" открыт порт 5432
2022-11-12 09:41:02.243 MSK [7356] СООБЩЕНИЕ:  система БД была выключена: 2022-11-11 14:31:59 MSK
2022-11-12 09:41:02.255 MSK [7888] СООБЩЕНИЕ:  система БД готова принимать подключения
2022-11-12 09:42:36.371 MSK [4752] РћРЁРР‘РљРђ:  СЃС‚РѕР»Р±РµС† products0_.category_id РЅРµ СЃСѓС‰РµСЃС‚РІСѓРµС‚ (СЃРёРјРІРѕР» 8)
2022-11-12 09:42:36.371 MSK [4752] РџРћР”РЎРљРђР—РљРђ:  Р’РѕР·РјРѕР¶РЅРѕ, РїСЂРµРґРїРѕР»Р°РіР°Р»Р°СЃСЊ СЃСЃС‹Р»РєР° РЅР° СЃС‚РѕР»Р±РµС† "products0_.category".
2022-11-12 09:42:36.371 MSK [4752] РћРџР•Р РђРўРћР :  select products0_.category_id as category6_1_0_, products0_.id as id1_1_0_, products0_.id as id1_1_1_, products0_.category_id as category6_1_1_, products0_.image_url as image_ur2_1_1_, products0_.name as name3_1_1_, products0_.price as price4_1_1_, products0_.quantity as quantity5_1_1_ from products products0_ where products0_.category_id=$1
2022-11-12 09:42:36.383 MSK [4752] РћРЁРР‘РљРђ:  С‚РµРєСѓС‰Р°СЏ С‚СЂР°РЅР·Р°РєС†РёСЏ РїСЂРµСЂРІР°РЅР°, РєРѕРјР°РЅРґС‹ РґРѕ РєРѕРЅС†Р° Р±Р»РѕРєР° С‚СЂР°РЅР·Р°РєС†РёРё РёРіРЅРѕСЂРёСЂСѓСЋС‚СЃСЏ
2022-11-12 09:42:36.383 MSK [4752] РћРџР•Р РђРўРћР :  
2022-11-12 09:43:47.297 MSK [5544] РћРЁРР‘РљРђ:  СЃС‚РѕР»Р±РµС† products0_.category_id РЅРµ СЃСѓС‰РµСЃС‚РІСѓРµС‚ (СЃРёРјРІРѕР» 8)
2022-11-12 09:43:47.297 MSK [5544] РџРћР”РЎРљРђР—РљРђ:  Р’РѕР·РјРѕР¶РЅРѕ, РїСЂРµРґРїРѕР»Р°РіР°Р»Р°СЃСЊ СЃСЃС‹Р»РєР° РЅР° СЃС‚РѕР»Р±РµС† "products0_.category".
2022-11-12 09:43:47.297 MSK [5544] РћРџР•Р РђРўРћР :  select products0_.category_id as category6_1_0_, products0_.id as id1_1_0_, products0_.id as id1_1_1_, products0_.category_id as category6_1_1_, products0_.image_url as image_ur2_1_1_, products0_.name as name3_1_1_, products0_.price as price4_1_1_, products0_.quantity as quantity5_1_1_ from products products0_ where products0_.category_id=$1
2022-11-12 09:43:47.305 MSK [5544] РћРЁРР‘РљРђ:  С‚РµРєСѓС‰Р°СЏ С‚СЂР°РЅР·Р°РєС†РёСЏ РїСЂРµСЂРІР°РЅР°, РєРѕРјР°РЅРґС‹ РґРѕ РєРѕРЅС†Р° Р±Р»РѕРєР° С‚СЂР°РЅР·Р°РєС†РёРё РёРіРЅРѕСЂРёСЂСѓСЋС‚СЃСЏ
2022-11-12 09:43:47.305 MSK [5544] РћРџР•Р РђРўРћР :  
2022-11-12 09:53:47.357 MSK [7688] РћРЁРР‘РљРђ:  РѕС€РёР±РєР° СЃРёРЅС‚Р°РєСЃРёСЃР° (РїСЂРёРјРµСЂРЅРѕРµ РїРѕР»РѕР¶РµРЅРёРµ: "USE") (СЃРёРјРІРѕР» 1)
2022-11-12 09:53:47.357 MSK [7688] РћРџР•Р РђРўРћР :  USE shop_db;
	
	CREATE TABLE categories (
	  id SERIAL NOT NULL,
	  title varchar(32),
	  PRIMARY KEY (id), 
	);
	
	
	CREATE TABLE products (
	  id SERIAL NOT NULL,
	  name varchar(64),
	  image_url varchar(256),
	  price numeric(10,2), 
	  quantity numeric(10,2),
	  category_id int,  
	  PRIMARY KEY (id), 
	  FOREIGN KEY (category_id) REFERENCES categories(id));
	
	INSERT INTO categories (title)
	VALUES
		('Berries'),
		('Vegetables'),
		('Fruits'),
		('Cereals'),
		('Spices');
	
	INSERT INTO products (name, image_url, price, quantity, category_id)
	VALUES
		('Blueberry', '../../assets/img/berries/blueberries.jpg', 8, 10, 1),
		('Strawberry', '../../assets/img/berries/strawberries.jpg', 5, 10, 1),
		('Raspberry', '../../assets/img/berries/raspberries.jpg', 7, 10, 1),
		('Blackberry', '../../assets/img/berries/blackberries.jpg', 6, 10, 1),
		('Red Currants', '../../assets/img/berries/redcurrants.jpg', 8, 10, 1),
		('White Currants', '../../assets/img/berries/whitecurrants.jpg', 9, 10, 1),
		('Blackcurrants', '../../assets/img/berries/blackcurrants.jpg', 8, 10, 1),
		('Cranberry', '../../assets/img/berries/cranberries.jpg', 12, 10, 1),
		('Gooseberry', '../../assets/img/berries/gooseberry.jpg', 10, 10, 1),
		('Brussels Sprouts', '../../assets/img/vegetables/brusselssprouts.jpg', 10, 10, 2),
		('Cucumber', '../../assets/img/vegetables/cucumber.jpg', 3, 10, 2),
		('Zucchini', '../../assets/img/vegetables/zucchini.jpg', 6.5, 10, 2),
		('Potato', '../../assets/img/vegetables/potatoes.jpg', 2, 10, 2),
		('Celery', '../../assets/img/vegetables/celery.jpg', 10, 10, 2),
		('Onion', '../../assets/img/vegetables/onions.jpg', 3, 10, 2),
		('Garlic', '../../assets/img/vegetables/garlic.jpg', 10, 10, 2),
		('Tomato', '../../assets/img/vegetables/tomatoes.jpg', 4.5, 10, 2),
		('Orange', '../../assets/img/fruits/oranges.jpg', 7, 10, 3),
		('Grapefruit', '../../assets/img/fruits/grapefruits.jpg', 7, 10, 3),
		('Nectarine', '../../assets/img/fruits/nectarines.jpg', 11, 10, 3),
		('Mango', '../../assets/img/fruits/mangoes.jpg', 15, 10, 3),
		('Plum', '../../assets/img/fruits/plums.jpg', 4, 10, 3),
		('Rice', '../../assets/img/cereals/rice.jpg', 3.75, 10, 4),
		('Corn', '../../assets/img/cereals/corn.jpg', 8, 10, 4),
		('Oats', '../../assets/img/cereals/oats.jpg', 5, 10, 4),
		('Sorghum', '../../assets/img/cereals/sorghum.jpg', 12, 10, 4),
		('Quinoa', '../../assets/img/cereals/quinoa.jpg', 12, 10, 4),
		('Millet', '../../assets/img/cereals/millet.jpg', 9, 10, 4),
		('Buckwheat', '../../assets/img/cereals/buckwheat.jpg', 6, 10, 4),
		('Cardamom', '../../assets/img/spices/cardamom.jpg', 15, 10, 5),
		('Cinnamon', '../../assets/img/spices/cinnamon.jpg', 20, 10, 5),
		('Cloves', '../../assets/img/spices/cloves.jpg', 25, 10, 5),
		('Turmeric', '../../assets/img/spices/turmeric.jpg', 25, 10, 5),
		('Saffron', '../../assets/img/spices/saffron.jpg', 20, 10, 5),
		('Cumin', '../../assets/img/spices/cumin.jpg', 25, 10, 5);
	
2022-11-12 09:53:57.839 MSK [7688] РћРЁРР‘РљРђ:  РѕС€РёР±РєР° СЃРёРЅС‚Р°РєСЃРёСЃР° (РїСЂРёРјРµСЂРЅРѕРµ РїРѕР»РѕР¶РµРЅРёРµ: ")") (СЃРёРјРІРѕР» 91)
2022-11-12 09:53:57.839 MSK [7688] РћРџР•Р РђРўРћР :  CREATE TABLE categories (
	  id SERIAL NOT NULL,
	  title varchar(32),
	  PRIMARY KEY (id), 
	);
	
	
	CREATE TABLE products (
	  id SERIAL NOT NULL,
	  name varchar(64),
	  image_url varchar(256),
	  price numeric(10,2), 
	  quantity numeric(10,2),
	  category_id int,  
	  PRIMARY KEY (id), 
	  FOREIGN KEY (category_id) REFERENCES categories(id));
	
	INSERT INTO categories (title)
	VALUES
		('Berries'),
		('Vegetables'),
		('Fruits'),
		('Cereals'),
		('Spices');
	
	INSERT INTO products (name, image_url, price, quantity, category_id)
	VALUES
		('Blueberry', '../../assets/img/berries/blueberries.jpg', 8, 10, 1),
		('Strawberry', '../../assets/img/berries/strawberries.jpg', 5, 10, 1),
		('Raspberry', '../../assets/img/berries/raspberries.jpg', 7, 10, 1),
		('Blackberry', '../../assets/img/berries/blackberries.jpg', 6, 10, 1),
		('Red Currants', '../../assets/img/berries/redcurrants.jpg', 8, 10, 1),
		('White Currants', '../../assets/img/berries/whitecurrants.jpg', 9, 10, 1),
		('Blackcurrants', '../../assets/img/berries/blackcurrants.jpg', 8, 10, 1),
		('Cranberry', '../../assets/img/berries/cranberries.jpg', 12, 10, 1),
		('Gooseberry', '../../assets/img/berries/gooseberry.jpg', 10, 10, 1),
		('Brussels Sprouts', '../../assets/img/vegetables/brusselssprouts.jpg', 10, 10, 2),
		('Cucumber', '../../assets/img/vegetables/cucumber.jpg', 3, 10, 2),
		('Zucchini', '../../assets/img/vegetables/zucchini.jpg', 6.5, 10, 2),
		('Potato', '../../assets/img/vegetables/potatoes.jpg', 2, 10, 2),
		('Celery', '../../assets/img/vegetables/celery.jpg', 10, 10, 2),
		('Onion', '../../assets/img/vegetables/onions.jpg', 3, 10, 2),
		('Garlic', '../../assets/img/vegetables/garlic.jpg', 10, 10, 2),
		('Tomato', '../../assets/img/vegetables/tomatoes.jpg', 4.5, 10, 2),
		('Orange', '../../assets/img/fruits/oranges.jpg', 7, 10, 3),
		('Grapefruit', '../../assets/img/fruits/grapefruits.jpg', 7, 10, 3),
		('Nectarine', '../../assets/img/fruits/nectarines.jpg', 11, 10, 3),
		('Mango', '../../assets/img/fruits/mangoes.jpg', 15, 10, 3),
		('Plum', '../../assets/img/fruits/plums.jpg', 4, 10, 3),
		('Rice', '../../assets/img/cereals/rice.jpg', 3.75, 10, 4),
		('Corn', '../../assets/img/cereals/corn.jpg', 8, 10, 4),
		('Oats', '../../assets/img/cereals/oats.jpg', 5, 10, 4),
		('Sorghum', '../../assets/img/cereals/sorghum.jpg', 12, 10, 4),
		('Quinoa', '../../assets/img/cereals/quinoa.jpg', 12, 10, 4),
		('Millet', '../../assets/img/cereals/millet.jpg', 9, 10, 4),
		('Buckwheat', '../../assets/img/cereals/buckwheat.jpg', 6, 10, 4),
		('Cardamom', '../../assets/img/spices/cardamom.jpg', 15, 10, 5),
		('Cinnamon', '../../assets/img/spices/cinnamon.jpg', 20, 10, 5),
		('Cloves', '../../assets/img/spices/cloves.jpg', 25, 10, 5),
		('Turmeric', '../../assets/img/spices/turmeric.jpg', 25, 10, 5),
		('Saffron', '../../assets/img/spices/saffron.jpg', 20, 10, 5),
		('Cumin', '../../assets/img/spices/cumin.jpg', 25, 10, 5);
	
2022-11-12 12:20:59.879 MSK [7688] РћРЁРР‘РљРђ:  РѕС€РёР±РєР° СЃРёРЅС‚Р°РєСЃРёСЃР° (РїСЂРёРјРµСЂРЅРѕРµ РїРѕР»РѕР¶РµРЅРёРµ: "\") (СЃРёРјРІРѕР» 112)
2022-11-12 12:20:59.879 MSK [7688] РћРџР•Р РђРўРћР :  SELECT Category.id, Category.title, Product.id, Product.name, Product.imageUrl, Product.price, Product.quantity\n" +
	                        "FROM Category \n" +
	                        "JOIN Product ON Product.id = Category.id
2022-11-12 12:21:32.450 MSK [7688] РћРЁРР‘РљРђ:  РѕС‚РЅРѕС€РµРЅРёРµ "category" РЅРµ СЃСѓС‰РµСЃС‚РІСѓРµС‚ (СЃРёРјРІРѕР» 118)
2022-11-12 12:21:32.450 MSK [7688] РћРџР•Р РђРўРћР :  SELECT Category.id, Category.title, Product.id, Product.name, Product.imageUrl, Product.price, Product.quantity FROM Category JOIN Product ON Product.id = Category.id
2022-11-12 12:21:58.323 MSK [7688] РћРЁРР‘РљРђ:  РѕС‚РЅРѕС€РµРЅРёРµ "product" РЅРµ СЃСѓС‰РµСЃС‚РІСѓРµС‚ (СЃРёРјРІРѕР» 134)
2022-11-12 12:21:58.323 MSK [7688] РћРџР•Р РђРўРћР :  SELECT Category.id, Category.title, Product.id, Product.name, Product.imageUrl, Product.price, Product.quantity FROM Categories JOIN Product ON Product.id = Category.id
2022-11-12 12:22:05.895 MSK [7688] РћРЁРР‘РљРђ:  С‚Р°Р±Р»РёС†Р° "product" РѕС‚СЃСѓС‚СЃС‚РІСѓРµС‚ РІ РїСЂРµРґР»РѕР¶РµРЅРёРё FROM (СЃРёРјРІРѕР» 146)
2022-11-12 12:22:05.895 MSK [7688] РћРџР•Р РђРўРћР :  SELECT Category.id, Category.title, Product.id, Product.name, Product.imageUrl, Product.price, Product.quantity FROM Categories JOIN Products ON Product.id = Category.id
2022-11-12 12:22:15.690 MSK [7688] РћРЁРР‘РљРђ:  С‚Р°Р±Р»РёС†Р° "category" РѕС‚СЃСѓС‚СЃС‚РІСѓРµС‚ РІ РїСЂРµРґР»РѕР¶РµРЅРёРё FROM (СЃРёРјРІРѕР» 160)
2022-11-12 12:22:15.690 MSK [7688] РћРџР•Р РђРўРћР :  SELECT Category.id, Category.title, Product.id, Product.name, Product.imageUrl, Product.price, Product.quantity FROM Categories JOIN Products ON Products.id = Category.id
2022-11-12 12:22:26.848 MSK [7688] РћРЁРР‘РљРђ:  С‚Р°Р±Р»РёС†Р° "category" РѕС‚СЃСѓС‚СЃС‚РІСѓРµС‚ РІ РїСЂРµРґР»РѕР¶РµРЅРёРё FROM (СЃРёРјРІРѕР» 8)
2022-11-12 12:22:26.848 MSK [7688] РћРџР•Р РђРўРћР :  SELECT Category.id, Category.title, Product.id, Product.name, Product.imageUrl, Product.price, Product.quantity FROM Categories JOIN Products ON Products.id = Categories.id
2022-11-12 12:22:47.674 MSK [7688] РћРЁРР‘РљРђ:  СЃС‚РѕР»Р±РµС† products.imageurl РЅРµ СЃСѓС‰РµСЃС‚РІСѓРµС‚ (СЃРёРјРІРѕР» 69)
2022-11-12 12:22:47.674 MSK [7688] РџРћР”РЎРљРђР—РљРђ:  Р’РѕР·РјРѕР¶РЅРѕ, РїСЂРµРґРїРѕР»Р°РіР°Р»Р°СЃСЊ СЃСЃС‹Р»РєР° РЅР° СЃС‚РѕР»Р±РµС† "products.image_url".
2022-11-12 12:22:47.674 MSK [7688] РћРџР•Р РђРўРћР :  SELECT Categories.id, Categories.title, Products.id, Products.name, Products.imageUrl, Products.price, Products.quantity FROM Categories JOIN Products ON Products.id = Categories.id
2022-11-12 12:24:16.764 MSK [7688] РћРЁРР‘РљРђ:  РѕС€РёР±РєР° СЃРёРЅС‚Р°РєСЃРёСЃР° (РїСЂРёРјРµСЂРЅРѕРµ РїРѕР»РѕР¶РµРЅРёРµ: "OUTER") (СЃРёРјРІРѕР» 139)
2022-11-12 12:24:16.764 MSK [7688] РћРџР•Р РђРўРћР :  SELECT Categories.id, Categories.title, Products.id, Products.name, Products.image_url, Products.price, Products.quantity FROM Categories OUTER JOIN Products ON Categories.id=Products.id
2022-11-12 13:10:27.485 MSK [7688] РЎРћРћР‘Р©Р•РќРР•:  РЅРµ СѓРґР°Р»РѕСЃСЊ РїРѕР»СѓС‡РёС‚СЊ РґР°РЅРЅС‹Рµ РѕС‚ РєР»РёРµРЅС‚Р°: An existing connection was forcibly closed by the remote host.
	
2022-11-12 13:10:27.487 MSK [5844] РЎРћРћР‘Р©Р•РќРР•:  РЅРµ СѓРґР°Р»РѕСЃСЊ РїРѕР»СѓС‡РёС‚СЊ РґР°РЅРЅС‹Рµ РѕС‚ РєР»РёРµРЅС‚Р°: An existing connection was forcibly closed by the remote host.
	
2022-11-12 13:10:27.489 MSK [860] РЎРћРћР‘Р©Р•РќРР•:  РЅРµ СѓРґР°Р»РѕСЃСЊ РїРѕР»СѓС‡РёС‚СЊ РґР°РЅРЅС‹Рµ РѕС‚ РєР»РёРµРЅС‚Р°: An existing connection was forcibly closed by the remote host.
	
2022-11-12 13:10:27.491 MSK [6088] РЎРћРћР‘Р©Р•РќРР•:  РЅРµ СѓРґР°Р»РѕСЃСЊ РїРѕР»СѓС‡РёС‚СЊ РґР°РЅРЅС‹Рµ РѕС‚ РєР»РёРµРЅС‚Р°: An existing connection was forcibly closed by the remote host.
	
2022-11-12 13:10:27.494 MSK [7332] РЎРћРћР‘Р©Р•РќРР•:  РЅРµ СѓРґР°Р»РѕСЃСЊ РїРѕР»СѓС‡РёС‚СЊ РґР°РЅРЅС‹Рµ РѕС‚ РєР»РёРµРЅС‚Р°: An existing connection was forcibly closed by the remote host.
	
2022-11-12 13:10:27.494 MSK [768] РЎРћРћР‘Р©Р•РќРР•:  РЅРµ СѓРґР°Р»РѕСЃСЊ РїРѕР»СѓС‡РёС‚СЊ РґР°РЅРЅС‹Рµ РѕС‚ РєР»РёРµРЅС‚Р°: An existing connection was forcibly closed by the remote host.
	
2022-11-12 13:10:27.494 MSK [8064] РЎРћРћР‘Р©Р•РќРР•:  РЅРµ СѓРґР°Р»РѕСЃСЊ РїРѕР»СѓС‡РёС‚СЊ РґР°РЅРЅС‹Рµ РѕС‚ РєР»РёРµРЅС‚Р°: An existing connection was forcibly closed by the remote host.
	
2022-11-12 13:53:49.921 MSK [7888] СООБЩЕНИЕ:  получен запрос на быстрое выключение
2022-11-12 13:53:49.924 MSK [7888] СООБЩЕНИЕ:  прерывание всех активных транзакций
2022-11-12 13:53:49.931 MSK [1972] ОШИБКА:  выполнение оператора отменено по запросу пользователя
2022-11-12 13:53:49.939 MSK [7888] СООБЩЕНИЕ:  фоновый процесс "logical replication launcher" (PID 1972) завершился с кодом выхода 1
2022-11-12 13:53:49.940 MSK [5984] СООБЩЕНИЕ:  выключение
2022-11-12 13:53:49.975 MSK [7888] СООБЩЕНИЕ:  система БД выключена
