2022-12-18 10:40:39.488 MSK [1644] LOG:  starting PostgreSQL 14.5, compiled by Visual C++ build 1914, 64-bit
2022-12-18 10:40:39.488 MSK [1644] LOG:  listening on IPv6 address "::", port 5432
2022-12-18 10:40:39.489 MSK [1644] LOG:  listening on IPv4 address "0.0.0.0", port 5432
2022-12-18 10:40:39.523 MSK [5844] LOG:  database system was shut down at 2022-12-17 14:00:09 MSK
2022-12-18 10:40:39.534 MSK [1644] LOG:  database system is ready to accept connections
2022-12-18 14:03:51.689 MSK [4932] LOG:  could not receive data from client: An existing connection was forcibly closed by the remote host.
	
2022-12-18 14:03:51.691 MSK [6956] LOG:  could not receive data from client: An existing connection was forcibly closed by the remote host.
	
2022-12-18 14:03:51.692 MSK [5392] LOG:  could not receive data from client: An existing connection was forcibly closed by the remote host.
	
2022-12-18 14:07:37.304 MSK [7852] LOG:  could not receive data from client: An existing connection was forcibly closed by the remote host.
	
2022-12-18 14:07:37.304 MSK [7852] LOG:  unexpected EOF on client connection with an open transaction
2022-12-18 14:07:37.314 MSK [8572] LOG:  could not receive data from client: An existing connection was forcibly closed by the remote host.
	
2022-12-18 14:07:37.314 MSK [8572] LOG:  unexpected EOF on client connection with an open transaction
2022-12-18 14:07:37.315 MSK [9476] LOG:  could not receive data from client: An existing connection was forcibly closed by the remote host.
	
2022-12-18 14:07:37.315 MSK [9476] LOG:  unexpected EOF on client connection with an open transaction
2022-12-18 14:07:37.334 MSK [10620] LOG:  could not receive data from client: An existing connection was forcibly closed by the remote host.
	
2022-12-18 14:07:37.334 MSK [10620] LOG:  unexpected EOF on client connection with an open transaction
2022-12-18 14:07:37.335 MSK [10104] LOG:  could not receive data from client: An existing connection was forcibly closed by the remote host.
	
2022-12-18 14:07:37.335 MSK [10104] LOG:  unexpected EOF on client connection with an open transaction
2022-12-18 14:07:37.340 MSK [10268] LOG:  could not receive data from client: An existing connection was forcibly closed by the remote host.
	
2022-12-18 14:07:37.340 MSK [10268] LOG:  unexpected EOF on client connection with an open transaction
2022-12-18 14:23:37.237 MSK [1644] LOG:  received fast shutdown request
2022-12-18 14:23:37.239 MSK [1644] LOG:  aborting any active transactions
2022-12-18 14:23:37.240 MSK [4920] ERROR:  canceling statement due to user request
2022-12-18 14:23:37.242 MSK [1644] LOG:  background worker "logical replication launcher" (PID 4920) exited with exit code 1
2022-12-18 14:23:37.243 MSK [7152] LOG:  shutting down
2022-12-18 14:23:37.264 MSK [1644] LOG:  database system is shut down
