2022-11-18 09:17:27.361 MSK [6436] СООБЩЕНИЕ:  запускается PostgreSQL 14.5, compiled by Visual C++ build 1914, 64-bit
2022-11-18 09:17:27.361 MSK [6436] СООБЩЕНИЕ:  для приёма подключений по адресу IPv6 "::" открыт порт 5432
2022-11-18 09:17:27.361 MSK [6436] СООБЩЕНИЕ:  для приёма подключений по адресу IPv4 "0.0.0.0" открыт порт 5432
2022-11-18 09:17:27.393 MSK [5780] СООБЩЕНИЕ:  система БД была выключена: 2022-11-13 17:39:34 MSK
2022-11-18 09:17:27.404 MSK [6436] СООБЩЕНИЕ:  система БД готова принимать подключения
2022-11-18 10:17:48.127 MSK [7372] РћРЁРР‘РљРђ:  СЃС‚РѕР»Р±РµС† products1_.category_id РЅРµ СЃСѓС‰РµСЃС‚РІСѓРµС‚ (СЃРёРјРІРѕР» 428)
2022-11-18 10:17:48.127 MSK [7372] РџРћР”РЎРљРђР—РљРђ:  Р’РѕР·РјРѕР¶РЅРѕ, РїСЂРµРґРїРѕР»Р°РіР°Р»Р°СЃСЊ СЃСЃС‹Р»РєР° РЅР° СЃС‚РѕР»Р±РµС† "products1_.category".
2022-11-18 10:17:48.127 MSK [7372] РћРџР•Р РђРўРћР :  select category0_.id as id1_0_0_, category0_.title as title2_0_0_, products1_.category_id as category6_1_1_, products1_.id as id1_1_1_, products1_.id as id1_1_2_, products1_.category_id as category6_1_2_, products1_.image_url as image_ur2_1_2_, products1_.name as name3_1_2_, products1_.price as price4_1_2_, products1_.quantity as quantity5_1_2_ from categories category0_ left outer join products products1_ on category0_.id=products1_.category_id where category0_.id=$1
2022-11-18 10:17:48.134 MSK [7372] РћРЁРР‘РљРђ:  С‚РµРєСѓС‰Р°СЏ С‚СЂР°РЅР·Р°РєС†РёСЏ РїСЂРµСЂРІР°РЅР°, РєРѕРјР°РЅРґС‹ РґРѕ РєРѕРЅС†Р° Р±Р»РѕРєР° С‚СЂР°РЅР·Р°РєС†РёРё РёРіРЅРѕСЂРёСЂСѓСЋС‚СЃСЏ
2022-11-18 10:17:48.134 MSK [7372] РћРџР•Р РђРўРћР :  
2022-11-18 10:17:49.590 MSK [7372] РћРЁРР‘РљРђ:  СЃС‚РѕР»Р±РµС† products1_.category_id РЅРµ СЃСѓС‰РµСЃС‚РІСѓРµС‚ (СЃРёРјРІРѕР» 428)
2022-11-18 10:17:49.590 MSK [7372] РџРћР”РЎРљРђР—РљРђ:  Р’РѕР·РјРѕР¶РЅРѕ, РїСЂРµРґРїРѕР»Р°РіР°Р»Р°СЃСЊ СЃСЃС‹Р»РєР° РЅР° СЃС‚РѕР»Р±РµС† "products1_.category".
2022-11-18 10:17:49.590 MSK [7372] РћРџР•Р РђРўРћР :  select category0_.id as id1_0_0_, category0_.title as title2_0_0_, products1_.category_id as category6_1_1_, products1_.id as id1_1_1_, products1_.id as id1_1_2_, products1_.category_id as category6_1_2_, products1_.image_url as image_ur2_1_2_, products1_.name as name3_1_2_, products1_.price as price4_1_2_, products1_.quantity as quantity5_1_2_ from categories category0_ left outer join products products1_ on category0_.id=products1_.category_id where category0_.id=$1
2022-11-18 10:17:49.590 MSK [7372] РћРЁРР‘РљРђ:  С‚РµРєСѓС‰Р°СЏ С‚СЂР°РЅР·Р°РєС†РёСЏ РїСЂРµСЂРІР°РЅР°, РєРѕРјР°РЅРґС‹ РґРѕ РєРѕРЅС†Р° Р±Р»РѕРєР° С‚СЂР°РЅР·Р°РєС†РёРё РёРіРЅРѕСЂРёСЂСѓСЋС‚СЃСЏ
2022-11-18 10:17:49.590 MSK [7372] РћРџР•Р РђРўРћР :  
2022-11-18 10:17:50.634 MSK [7372] РћРЁРР‘РљРђ:  СЃС‚РѕР»Р±РµС† products1_.category_id РЅРµ СЃСѓС‰РµСЃС‚РІСѓРµС‚ (СЃРёРјРІРѕР» 428)
2022-11-18 10:17:50.634 MSK [7372] РџРћР”РЎРљРђР—РљРђ:  Р’РѕР·РјРѕР¶РЅРѕ, РїСЂРµРґРїРѕР»Р°РіР°Р»Р°СЃСЊ СЃСЃС‹Р»РєР° РЅР° СЃС‚РѕР»Р±РµС† "products1_.category".
2022-11-18 10:17:50.634 MSK [7372] РћРџР•Р РђРўРћР :  select category0_.id as id1_0_0_, category0_.title as title2_0_0_, products1_.category_id as category6_1_1_, products1_.id as id1_1_1_, products1_.id as id1_1_2_, products1_.category_id as category6_1_2_, products1_.image_url as image_ur2_1_2_, products1_.name as name3_1_2_, products1_.price as price4_1_2_, products1_.quantity as quantity5_1_2_ from categories category0_ left outer join products products1_ on category0_.id=products1_.category_id where category0_.id=$1
2022-11-18 10:17:50.635 MSK [7372] РћРЁРР‘РљРђ:  С‚РµРєСѓС‰Р°СЏ С‚СЂР°РЅР·Р°РєС†РёСЏ РїСЂРµСЂРІР°РЅР°, РєРѕРјР°РЅРґС‹ РґРѕ РєРѕРЅС†Р° Р±Р»РѕРєР° С‚СЂР°РЅР·Р°РєС†РёРё РёРіРЅРѕСЂРёСЂСѓСЋС‚СЃСЏ
2022-11-18 10:17:50.635 MSK [7372] РћРџР•Р РђРўРћР :  
2022-11-18 10:17:51.043 MSK [7372] РћРЁРР‘РљРђ:  СЃС‚РѕР»Р±РµС† products1_.category_id РЅРµ СЃСѓС‰РµСЃС‚РІСѓРµС‚ (СЃРёРјРІРѕР» 428)
2022-11-18 10:17:51.043 MSK [7372] РџРћР”РЎРљРђР—РљРђ:  Р’РѕР·РјРѕР¶РЅРѕ, РїСЂРµРґРїРѕР»Р°РіР°Р»Р°СЃСЊ СЃСЃС‹Р»РєР° РЅР° СЃС‚РѕР»Р±РµС† "products1_.category".
2022-11-18 10:17:51.043 MSK [7372] РћРџР•Р РђРўРћР :  select category0_.id as id1_0_0_, category0_.title as title2_0_0_, products1_.category_id as category6_1_1_, products1_.id as id1_1_1_, products1_.id as id1_1_2_, products1_.category_id as category6_1_2_, products1_.image_url as image_ur2_1_2_, products1_.name as name3_1_2_, products1_.price as price4_1_2_, products1_.quantity as quantity5_1_2_ from categories category0_ left outer join products products1_ on category0_.id=products1_.category_id where category0_.id=$1
2022-11-18 10:17:51.043 MSK [7372] РћРЁРР‘РљРђ:  С‚РµРєСѓС‰Р°СЏ С‚СЂР°РЅР·Р°РєС†РёСЏ РїСЂРµСЂРІР°РЅР°, РєРѕРјР°РЅРґС‹ РґРѕ РєРѕРЅС†Р° Р±Р»РѕРєР° С‚СЂР°РЅР·Р°РєС†РёРё РёРіРЅРѕСЂРёСЂСѓСЋС‚СЃСЏ
2022-11-18 10:17:51.043 MSK [7372] РћРџР•Р РђРўРћР :  
2022-11-18 10:17:51.259 MSK [7372] РћРЁРР‘РљРђ:  СЃС‚РѕР»Р±РµС† products1_.category_id РЅРµ СЃСѓС‰РµСЃС‚РІСѓРµС‚ (СЃРёРјРІРѕР» 428)
2022-11-18 10:17:51.259 MSK [7372] РџРћР”РЎРљРђР—РљРђ:  Р’РѕР·РјРѕР¶РЅРѕ, РїСЂРµРґРїРѕР»Р°РіР°Р»Р°СЃСЊ СЃСЃС‹Р»РєР° РЅР° СЃС‚РѕР»Р±РµС† "products1_.category".
2022-11-18 10:17:51.259 MSK [7372] РћРџР•Р РђРўРћР :  select category0_.id as id1_0_0_, category0_.title as title2_0_0_, products1_.category_id as category6_1_1_, products1_.id as id1_1_1_, products1_.id as id1_1_2_, products1_.category_id as category6_1_2_, products1_.image_url as image_ur2_1_2_, products1_.name as name3_1_2_, products1_.price as price4_1_2_, products1_.quantity as quantity5_1_2_ from categories category0_ left outer join products products1_ on category0_.id=products1_.category_id where category0_.id=$1
2022-11-18 10:17:51.260 MSK [7372] РћРЁРР‘РљРђ:  С‚РµРєСѓС‰Р°СЏ С‚СЂР°РЅР·Р°РєС†РёСЏ РїСЂРµСЂРІР°РЅР°, РєРѕРјР°РЅРґС‹ РґРѕ РєРѕРЅС†Р° Р±Р»РѕРєР° С‚СЂР°РЅР·Р°РєС†РёРё РёРіРЅРѕСЂРёСЂСѓСЋС‚СЃСЏ
2022-11-18 10:17:51.260 MSK [7372] РћРџР•Р РђРўРћР :  
2022-11-18 10:17:51.439 MSK [7372] РћРЁРР‘РљРђ:  СЃС‚РѕР»Р±РµС† products1_.category_id РЅРµ СЃСѓС‰РµСЃС‚РІСѓРµС‚ (СЃРёРјРІРѕР» 428)
2022-11-18 10:17:51.439 MSK [7372] РџРћР”РЎРљРђР—РљРђ:  Р’РѕР·РјРѕР¶РЅРѕ, РїСЂРµРґРїРѕР»Р°РіР°Р»Р°СЃСЊ СЃСЃС‹Р»РєР° РЅР° СЃС‚РѕР»Р±РµС† "products1_.category".
2022-11-18 10:17:51.439 MSK [7372] РћРџР•Р РђРўРћР :  select category0_.id as id1_0_0_, category0_.title as title2_0_0_, products1_.category_id as category6_1_1_, products1_.id as id1_1_1_, products1_.id as id1_1_2_, products1_.category_id as category6_1_2_, products1_.image_url as image_ur2_1_2_, products1_.name as name3_1_2_, products1_.price as price4_1_2_, products1_.quantity as quantity5_1_2_ from categories category0_ left outer join products products1_ on category0_.id=products1_.category_id where category0_.id=$1
2022-11-18 10:17:51.439 MSK [7372] РћРЁРР‘РљРђ:  С‚РµРєСѓС‰Р°СЏ С‚СЂР°РЅР·Р°РєС†РёСЏ РїСЂРµСЂРІР°РЅР°, РєРѕРјР°РЅРґС‹ РґРѕ РєРѕРЅС†Р° Р±Р»РѕРєР° С‚СЂР°РЅР·Р°РєС†РёРё РёРіРЅРѕСЂРёСЂСѓСЋС‚СЃСЏ
2022-11-18 10:17:51.439 MSK [7372] РћРџР•Р РђРўРћР :  
2022-11-18 10:17:51.604 MSK [7372] РћРЁРР‘РљРђ:  СЃС‚РѕР»Р±РµС† products1_.category_id РЅРµ СЃСѓС‰РµСЃС‚РІСѓРµС‚ (СЃРёРјРІРѕР» 428)
2022-11-18 10:17:51.604 MSK [7372] РџРћР”РЎРљРђР—РљРђ:  Р’РѕР·РјРѕР¶РЅРѕ, РїСЂРµРґРїРѕР»Р°РіР°Р»Р°СЃСЊ СЃСЃС‹Р»РєР° РЅР° СЃС‚РѕР»Р±РµС† "products1_.category".
2022-11-18 10:17:51.604 MSK [7372] РћРџР•Р РђРўРћР :  select category0_.id as id1_0_0_, category0_.title as title2_0_0_, products1_.category_id as category6_1_1_, products1_.id as id1_1_1_, products1_.id as id1_1_2_, products1_.category_id as category6_1_2_, products1_.image_url as image_ur2_1_2_, products1_.name as name3_1_2_, products1_.price as price4_1_2_, products1_.quantity as quantity5_1_2_ from categories category0_ left outer join products products1_ on category0_.id=products1_.category_id where category0_.id=$1
2022-11-18 10:17:51.604 MSK [7372] РћРЁРР‘РљРђ:  С‚РµРєСѓС‰Р°СЏ С‚СЂР°РЅР·Р°РєС†РёСЏ РїСЂРµСЂРІР°РЅР°, РєРѕРјР°РЅРґС‹ РґРѕ РєРѕРЅС†Р° Р±Р»РѕРєР° С‚СЂР°РЅР·Р°РєС†РёРё РёРіРЅРѕСЂРёСЂСѓСЋС‚СЃСЏ
2022-11-18 10:17:51.604 MSK [7372] РћРџР•Р РђРўРћР :  
2022-11-18 10:17:51.794 MSK [7372] РћРЁРР‘РљРђ:  СЃС‚РѕР»Р±РµС† products1_.category_id РЅРµ СЃСѓС‰РµСЃС‚РІСѓРµС‚ (СЃРёРјРІРѕР» 428)
2022-11-18 10:17:51.794 MSK [7372] РџРћР”РЎРљРђР—РљРђ:  Р’РѕР·РјРѕР¶РЅРѕ, РїСЂРµРґРїРѕР»Р°РіР°Р»Р°СЃСЊ СЃСЃС‹Р»РєР° РЅР° СЃС‚РѕР»Р±РµС† "products1_.category".
2022-11-18 10:17:51.794 MSK [7372] РћРџР•Р РђРўРћР :  select category0_.id as id1_0_0_, category0_.title as title2_0_0_, products1_.category_id as category6_1_1_, products1_.id as id1_1_1_, products1_.id as id1_1_2_, products1_.category_id as category6_1_2_, products1_.image_url as image_ur2_1_2_, products1_.name as name3_1_2_, products1_.price as price4_1_2_, products1_.quantity as quantity5_1_2_ from categories category0_ left outer join products products1_ on category0_.id=products1_.category_id where category0_.id=$1
2022-11-18 10:17:51.794 MSK [7372] РћРЁРР‘РљРђ:  С‚РµРєСѓС‰Р°СЏ С‚СЂР°РЅР·Р°РєС†РёСЏ РїСЂРµСЂРІР°РЅР°, РєРѕРјР°РЅРґС‹ РґРѕ РєРѕРЅС†Р° Р±Р»РѕРєР° С‚СЂР°РЅР·Р°РєС†РёРё РёРіРЅРѕСЂРёСЂСѓСЋС‚СЃСЏ
2022-11-18 10:17:51.794 MSK [7372] РћРџР•Р РђРўРћР :  
2022-11-18 10:19:27.262 MSK [7372] РћРЁРР‘РљРђ:  СЃС‚РѕР»Р±РµС† products1_.category_id РЅРµ СЃСѓС‰РµСЃС‚РІСѓРµС‚ (СЃРёРјРІРѕР» 428)
2022-11-18 10:19:27.262 MSK [7372] РџРћР”РЎРљРђР—РљРђ:  Р’РѕР·РјРѕР¶РЅРѕ, РїСЂРµРґРїРѕР»Р°РіР°Р»Р°СЃСЊ СЃСЃС‹Р»РєР° РЅР° СЃС‚РѕР»Р±РµС† "products1_.category".
2022-11-18 10:19:27.262 MSK [7372] РћРџР•Р РђРўРћР :  select category0_.id as id1_0_0_, category0_.title as title2_0_0_, products1_.category_id as category6_1_1_, products1_.id as id1_1_1_, products1_.id as id1_1_2_, products1_.category_id as category6_1_2_, products1_.image_url as image_ur2_1_2_, products1_.name as name3_1_2_, products1_.price as price4_1_2_, products1_.quantity as quantity5_1_2_ from categories category0_ left outer join products products1_ on category0_.id=products1_.category_id where category0_.id=$1
2022-11-18 10:19:27.263 MSK [7372] РћРЁРР‘РљРђ:  С‚РµРєСѓС‰Р°СЏ С‚СЂР°РЅР·Р°РєС†РёСЏ РїСЂРµСЂРІР°РЅР°, РєРѕРјР°РЅРґС‹ РґРѕ РєРѕРЅС†Р° Р±Р»РѕРєР° С‚СЂР°РЅР·Р°РєС†РёРё РёРіРЅРѕСЂРёСЂСѓСЋС‚СЃСЏ
2022-11-18 10:19:27.263 MSK [7372] РћРџР•Р РђРўРћР :  
2022-11-18 12:19:07.974 MSK [9896] РЎРћРћР‘Р©Р•РќРР•:  РЅРµ СѓРґР°Р»РѕСЃСЊ РїРѕР»СѓС‡РёС‚СЊ РґР°РЅРЅС‹Рµ РѕС‚ РєР»РёРµРЅС‚Р°: An existing connection was forcibly closed by the remote host.
	
2022-11-18 12:19:07.974 MSK [9780] РЎРћРћР‘Р©Р•РќРР•:  РЅРµ СѓРґР°Р»РѕСЃСЊ РїРѕР»СѓС‡РёС‚СЊ РґР°РЅРЅС‹Рµ РѕС‚ РєР»РёРµРЅС‚Р°: An existing connection was forcibly closed by the remote host.
	
2022-11-18 12:19:07.980 MSK [8696] РЎРћРћР‘Р©Р•РќРР•:  РЅРµ СѓРґР°Р»РѕСЃСЊ РїРѕР»СѓС‡РёС‚СЊ РґР°РЅРЅС‹Рµ РѕС‚ РєР»РёРµРЅС‚Р°: An existing connection was forcibly closed by the remote host.
	
2022-11-18 12:19:07.981 MSK [5388] РЎРћРћР‘Р©Р•РќРР•:  РЅРµ СѓРґР°Р»РѕСЃСЊ РїРѕР»СѓС‡РёС‚СЊ РґР°РЅРЅС‹Рµ РѕС‚ РєР»РёРµРЅС‚Р°: An existing connection was forcibly closed by the remote host.
	
2022-11-18 12:19:07.982 MSK [3216] РЎРћРћР‘Р©Р•РќРР•:  РЅРµ СѓРґР°Р»РѕСЃСЊ РїРѕР»СѓС‡РёС‚СЊ РґР°РЅРЅС‹Рµ РѕС‚ РєР»РёРµРЅС‚Р°: An existing connection was forcibly closed by the remote host.
	
2022-11-18 12:27:24.956 MSK [6436] СООБЩЕНИЕ:  получен запрос на быстрое выключение
2022-11-18 12:27:24.957 MSK [6436] СООБЩЕНИЕ:  прерывание всех активных транзакций
2022-11-18 12:27:24.960 MSK [5612] ОШИБКА:  выполнение оператора отменено по запросу пользователя
2022-11-18 12:27:24.962 MSK [6436] СООБЩЕНИЕ:  фоновый процесс "logical replication launcher" (PID 5612) завершился с кодом выхода 1
2022-11-18 12:27:24.963 MSK [6624] СООБЩЕНИЕ:  выключение
2022-11-18 12:27:24.977 MSK [6436] СООБЩЕНИЕ:  система БД выключена
